#
# There is insufficient memory for the Java Runtime Environment to continue.
# Native memory allocation (mmap) failed to map 27262976 bytes for Failed to commit area from 0x000000008b000000 to 0x000000008ca00000 of length 27262976.
# Possible reasons:
#   The system is out of physical RAM or swap space
#   The process is running with CompressedOops enabled, and the Java Heap may be blocking the growth of the native heap
# Possible solutions:
#   Reduce memory load on the system
#   Increase physical memory or swap space
#   Check if swap backing store is full
#   Decrease Java heap size (-Xmx/-Xms)
#   Decrease number of Java threads
#   Decrease Java thread stack sizes (-Xss)
#   Set larger code cache with -XX:ReservedCodeCacheSize=
#   JVM is running with Unscaled Compressed Oops mode in which the Java heap is
#     placed in the first 4GB address space. The Java Heap base address is the
#     maximum limit for the native heap growth. Please use -XX:HeapBaseMinAddress
#     to set the Java Heap base and to place the Java Heap above 4GB virtual address.
# This output file may be truncated or incomplete.
#
#  Out of Memory Error (./open/src/hotspot/os/windows/os_windows.cpp:3273), pid=106244, tid=106856
#
# JRE version: Java(TM) SE Runtime Environment 18.9 (11.0.11+9) (build 11.0.11+9-LTS-194)
# Java VM: Java HotSpot(TM) 64-Bit Server VM 18.9 (11.0.11+9-LTS-194, mixed mode, tiered, compressed oops, g1 gc, windows-amd64)
# No core dump will be written. Minidumps are not enabled by default on client versions of Windows
#

---------------  S U M M A R Y ------------

Command Line: -javaagent:C:\Program Files\JetBrains\IntelliJ IDEA Community Edition 2022.3.2\lib\idea_rt.jar=57583:C:\Program Files\JetBrains\IntelliJ IDEA Community Edition 2022.3.2\bin -Dfile.encoding=UTF-8 com.lcwd.user.service.UserServiceApplication

Host: Intel(R) Core(TM) i5-1035G1 CPU @ 1.00GHz, 8 cores, 7G,  Windows 10 , 64 bit Build 22000 (10.0.22000.1335)
Time: Sun Feb 26 15:52:05 2023 India Standard Time elapsed time: 8.693100 seconds (0d 0h 0m 8s)

---------------  T H R E A D  ---------------

Current thread (0x000002117bfdd000):  VMThread "VM Thread" [stack: 0x000000393c600000,0x000000393c700000] [id=106856]

Stack: [0x000000393c600000,0x000000393c700000]
[error occurred during error reporting (printing stack bounds), id 0xc0000005, EXCEPTION_ACCESS_VIOLATION (0xc0000005) at pc=0x00000211650110e7]

Native frames: (J=compiled Java code, j=interpreted, Vv=VM code, C=native code)
V  [jvm.dll+0x616f2a]
V  [jvm.dll+0x74de7f]
V  [jvm.dll+0x74f505]
V  [jvm.dll+0x74fae5]
V  [jvm.dll+0x74fa9b]
V  [jvm.dll+0x616763]
V  [jvm.dll+0x616b28]
C  [ntdll.dll+0xa8b1f]
C  [ntdll.dll+0x35b9a]
C  [ntdll.dll+0xa7b2e]
C  0x00000211650110e7

VM_Operation (0x000000393c0fd0a0): CollectForMetadataAllocation, mode: safepoint, requested by thread 0x000002115b3a7800


---------------  P R O C E S S  ---------------

Threads class SMR info:
_java_thread_list=0x000002117de37870, length=11, elements={
0x000002115b3a7800, 0x000002117bfe1000, 0x000002117bfeb000, 0x000002117bff7800,
0x000002117bff8800, 0x000002117bffc000, 0x000002117c959000, 0x000002117c9ba800,
0x000002117bf75800, 0x000002117ceea800, 0x000002117ceef000
}

Java Threads: ( => current thread )
  0x000002115b3a7800 JavaThread "main" [_thread_blocked, id=100248, stack(0x000000393c000000,0x000000393c100000)]
  0x000002117bfe1000 JavaThread "Reference Handler" daemon [_thread_blocked, id=106500, stack(0x000000393c700000,0x000000393c800000)]
  0x000002117bfeb000 JavaThread "Finalizer" daemon [_thread_blocked, id=96960, stack(0x000000393c800000,0x000000393c900000)]
  0x000002117bff7800 JavaThread "Signal Dispatcher" daemon [_thread_blocked, id=83796, stack(0x000000393c900000,0x000000393ca00000)]
  0x000002117bff8800 JavaThread "Attach Listener" daemon [_thread_blocked, id=95496, stack(0x000000393ca00000,0x000000393cb00000)]
  0x000002117bffc000 JavaThread "C2 CompilerThread0" daemon [_thread_blocked, id=91852, stack(0x000000393cb00000,0x000000393cc00000)]
  0x000002117c959000 JavaThread "C1 CompilerThread0" daemon [_thread_blocked, id=106588, stack(0x000000393cc00000,0x000000393cd00000)]
  0x000002117c9ba800 JavaThread "Sweeper thread" daemon [_thread_blocked, id=104532, stack(0x000000393cd00000,0x000000393ce00000)]
  0x000002117bf75800 JavaThread "Common-Cleaner" daemon [_thread_blocked, id=85712, stack(0x000000393ce00000,0x000000393cf00000)]
  0x000002117ceea800 JavaThread "Monitor Ctrl-Break" daemon [_thread_in_native, id=10904, stack(0x000000393cf00000,0x000000393d000000)]
  0x000002117ceef000 JavaThread "Service Thread" daemon [_thread_blocked, id=99888, stack(0x000000393d000000,0x000000393d100000)]

Other Threads:
=>0x000002117bfdd000 VMThread "VM Thread" [stack: 0x000000393c600000,0x000000393c700000] [id=106856]
  0x000002117cef9000 WatcherThread [stack: 0x000000393d100000,0x000000393d200000] [id=84376]
  0x000002115b3bc800 GCTaskThread "GC Thread#0" [stack: 0x000000393c100000,0x000000393c200000] [id=73548]
  0x000002117d4d3800 GCTaskThread "GC Thread#1" [stack: 0x000000393d200000,0x000000393d300000] [id=106844]
  0x000002117d4a1800 GCTaskThread "GC Thread#2" [stack: 0x000000393d300000,0x000000393d400000] [id=90688]
  0x000002117db0e000 GCTaskThread "GC Thread#3" [stack: 0x000000393d500000,0x000000393d600000] [id=105356]
  0x000002115b3ec800 ConcurrentGCThread "G1 Main Marker" [stack: 0x000000393c200000,0x000000393c300000] [id=107308]
  0x000002115b3f0000 ConcurrentGCThread "G1 Conc#0" [stack: 0x000000393c300000,0x000000393c400000] [id=75220]
  0x000002117dc91000 ConcurrentGCThread "G1 Conc#1" [stack: 0x000000393d600000,0x000000393d700000] [id=106180]
  0x000002117be23000 ConcurrentGCThread "G1 Refine#0" [stack: 0x000000393c400000,0x000000393c500000] [id=99016]
  0x000002117be25800 ConcurrentGCThread "G1 Young RemSet Sampling" [stack: 0x000000393c500000,0x000000393c600000] [id=103912]

Threads with active compile tasks:
C2 CompilerThread0   8742 3246 %     4       sun.nio.cs.UTF_8$Decoder::decodeArrayLoop @ 73 (691 bytes)

VM state:at safepoint (normal execution)

VM Mutex/Monitor currently owned by a thread:  ([mutex/lock_event])
[0x000002115b3a3480] Threads_lock - owner thread: 0x000002117bfdd000
[0x000002115b3a2670] Heap_lock - owner thread: 0x000002115b3a7800

Heap address: 0x0000000083200000, size: 1998 MB, Compressed Oops mode: 32-bit
Narrow klass base: 0x0000000000000000, Narrow klass shift: 3
Compressed class space size: 1073741824 Address: 0x0000000100000000

Heap:
 garbage-first heap   total 155648K, used 13590K [0x0000000083200000, 0x0000000100000000)
  region size 1024K, 7 young (7168K), 7 survivors (7168K)
 Metaspace       used 34815K, capacity 35787K, committed 35840K, reserved 1081344K
  class space    used 4050K, capacity 4458K, committed 4480K, reserved 1048576K
Heap Regions: E=young(eden), S=young(survivor), O=old, HS=humongous(starts), HC=humongous(continues), CS=collection set, F=free, A=archive, TAMS=top-at-mark-start (previous, next)
|   0|0x0000000083200000, 0x0000000083300000, 0x0000000083300000|100%|HS|  |TAMS 0x0000000083300000, 0x0000000083300000| Complete 
|   1|0x0000000083300000, 0x0000000083400000, 0x0000000083400000|100%| O|  |TAMS 0x0000000083400000, 0x0000000083400000| Untracked 
|   2|0x0000000083400000, 0x0000000083500000, 0x0000000083500000|100%| O|  |TAMS 0x0000000083500000, 0x0000000083500000| Untracked 
|   3|0x0000000083500000, 0x0000000083600000, 0x0000000083600000|100%| O|  |TAMS 0x0000000083538600, 0x0000000083600000| Untracked 
|   4|0x0000000083600000, 0x0000000083700000, 0x0000000083700000|100%| O|  |TAMS 0x0000000083600000, 0x0000000083700000| Untracked 
|   5|0x0000000083700000, 0x0000000083800000, 0x0000000083800000|100%| O|  |TAMS 0x0000000083700000, 0x0000000083800000| Untracked 
|   6|0x0000000083800000, 0x0000000083852800, 0x0000000083900000| 32%| O|  |TAMS 0x0000000083800000, 0x0000000083852800| Untracked 
|   7|0x0000000083900000, 0x0000000083900000, 0x0000000083a00000|  0%| F|  |TAMS 0x0000000083900000, 0x0000000083900000| Untracked 
|   8|0x0000000083a00000, 0x0000000083a00000, 0x0000000083b00000|  0%| F|  |TAMS 0x0000000083a00000, 0x0000000083a00000| Untracked 
|   9|0x0000000083b00000, 0x0000000083b00000, 0x0000000083c00000|  0%| F|  |TAMS 0x0000000083b00000, 0x0000000083b00000| Untracked 
|  10|0x0000000083c00000, 0x0000000083c00000, 0x0000000083d00000|  0%| F|  |TAMS 0x0000000083c00000, 0x0000000083c00000| Untracked 
|  11|0x0000000083d00000, 0x0000000083d00000, 0x0000000083e00000|  0%| F|  |TAMS 0x0000000083d00000, 0x0000000083d00000| Untracked 
|  12|0x0000000083e00000, 0x0000000083e00000, 0x0000000083f00000|  0%| F|  |TAMS 0x0000000083e00000, 0x0000000083e00000| Untracked 
|  13|0x0000000083f00000, 0x0000000083f00000, 0x0000000084000000|  0%| F|  |TAMS 0x0000000083f00000, 0x0000000083f00000| Untracked 
|  14|0x0000000084000000, 0x0000000084000000, 0x0000000084100000|  0%| F|  |TAMS 0x0000000084000000, 0x0000000084000000| Untracked 
|  15|0x0000000084100000, 0x0000000084100000, 0x0000000084200000|  0%| F|  |TAMS 0x0000000084100000, 0x0000000084100000| Untracked 
|  16|0x0000000084200000, 0x0000000084200000, 0x0000000084300000|  0%| F|  |TAMS 0x0000000084200000, 0x0000000084200000| Untracked 
|  17|0x0000000084300000, 0x0000000084300000, 0x0000000084400000|  0%| F|  |TAMS 0x0000000084300000, 0x0000000084300000| Untracked 
|  18|0x0000000084400000, 0x0000000084400000, 0x0000000084500000|  0%| F|  |TAMS 0x0000000084400000, 0x0000000084400000| Untracked 
|  19|0x0000000084500000, 0x0000000084500000, 0x0000000084600000|  0%| F|  |TAMS 0x0000000084500000, 0x0000000084500000| Untracked 
|  20|0x0000000084600000, 0x0000000084600000, 0x0000000084700000|  0%| F|  |TAMS 0x0000000084600000, 0x0000000084600000| Untracked 
|  21|0x0000000084700000, 0x0000000084700000, 0x0000000084800000|  0%| F|  |TAMS 0x0000000084700000, 0x0000000084700000| Untracked 
|  22|0x0000000084800000, 0x0000000084800000, 0x0000000084900000|  0%| F|  |TAMS 0x0000000084800000, 0x0000000084800000| Untracked 
|  23|0x0000000084900000, 0x0000000084900000, 0x0000000084a00000|  0%| F|  |TAMS 0x0000000084900000, 0x0000000084900000| Untracked 
|  24|0x0000000084a00000, 0x0000000084a00000, 0x0000000084b00000|  0%| F|  |TAMS 0x0000000084a00000, 0x0000000084a00000| Untracked 
|  25|0x0000000084b00000, 0x0000000084b00000, 0x0000000084c00000|  0%| F|  |TAMS 0x0000000084b00000, 0x0000000084b00000| Untracked 
|  26|0x0000000084c00000, 0x0000000084c00000, 0x0000000084d00000|  0%| F|  |TAMS 0x0000000084c00000, 0x0000000084c00000| Untracked 
|  27|0x0000000084d00000, 0x0000000084d00000, 0x0000000084e00000|  0%| F|  |TAMS 0x0000000084d00000, 0x0000000084d00000| Untracked 
|  28|0x0000000084e00000, 0x0000000084e00000, 0x0000000084f00000|  0%| F|  |TAMS 0x0000000084e00000, 0x0000000084e00000| Untracked 
|  29|0x0000000084f00000, 0x0000000084f00000, 0x0000000085000000|  0%| F|  |TAMS 0x0000000084f00000, 0x0000000084f00000| Untracked 
|  30|0x0000000085000000, 0x0000000085000000, 0x0000000085100000|  0%| F|  |TAMS 0x0000000085000000, 0x0000000085000000| Untracked 
|  31|0x0000000085100000, 0x0000000085100000, 0x0000000085200000|  0%| F|  |TAMS 0x0000000085100000, 0x0000000085100000| Untracked 
|  32|0x0000000085200000, 0x0000000085200000, 0x0000000085300000|  0%| F|  |TAMS 0x0000000085200000, 0x0000000085200000| Untracked 
|  33|0x0000000085300000, 0x0000000085300000, 0x0000000085400000|  0%| F|  |TAMS 0x0000000085300000, 0x0000000085300000| Untracked 
|  34|0x0000000085400000, 0x0000000085400000, 0x0000000085500000|  0%| F|  |TAMS 0x0000000085400000, 0x0000000085400000| Untracked 
|  35|0x0000000085500000, 0x0000000085500000, 0x0000000085600000|  0%| F|  |TAMS 0x0000000085500000, 0x0000000085500000| Untracked 
|  36|0x0000000085600000, 0x0000000085600000, 0x0000000085700000|  0%| F|  |TAMS 0x0000000085600000, 0x0000000085600000| Untracked 
|  37|0x0000000085700000, 0x0000000085700000, 0x0000000085800000|  0%| F|  |TAMS 0x0000000085700000, 0x0000000085700000| Untracked 
|  38|0x0000000085800000, 0x0000000085800000, 0x0000000085900000|  0%| F|  |TAMS 0x0000000085800000, 0x0000000085800000| Untracked 
|  39|0x0000000085900000, 0x0000000085900000, 0x0000000085a00000|  0%| F|  |TAMS 0x0000000085900000, 0x0000000085900000| Untracked 
|  40|0x0000000085a00000, 0x0000000085a00000, 0x0000000085b00000|  0%| F|  |TAMS 0x0000000085a00000, 0x0000000085a00000| Untracked 
|  41|0x0000000085b00000, 0x0000000085b00000, 0x0000000085c00000|  0%| F|  |TAMS 0x0000000085b00000, 0x0000000085b00000| Untracked 
|  42|0x0000000085c00000, 0x0000000085c00000, 0x0000000085d00000|  0%| F|  |TAMS 0x0000000085c00000, 0x0000000085c00000| Untracked 
|  43|0x0000000085d00000, 0x0000000085d00000, 0x0000000085e00000|  0%| F|  |TAMS 0x0000000085d00000, 0x0000000085d00000| Untracked 
|  44|0x0000000085e00000, 0x0000000085e00000, 0x0000000085f00000|  0%| F|  |TAMS 0x0000000085e00000, 0x0000000085e00000| Untracked 
|  45|0x0000000085f00000, 0x0000000085f00000, 0x0000000086000000|  0%| F|  |TAMS 0x0000000085f00000, 0x0000000085f00000| Untracked 
|  46|0x0000000086000000, 0x0000000086000000, 0x0000000086100000|  0%| F|  |TAMS 0x0000000086000000, 0x0000000086000000| Untracked 
|  47|0x0000000086100000, 0x0000000086100000, 0x0000000086200000|  0%| F|  |TAMS 0x0000000086100000, 0x0000000086100000| Untracked 
|  48|0x0000000086200000, 0x0000000086200000, 0x0000000086300000|  0%| F|  |TAMS 0x0000000086200000, 0x0000000086200000| Untracked 
|  49|0x0000000086300000, 0x0000000086300000, 0x0000000086400000|  0%| F|  |TAMS 0x0000000086300000, 0x0000000086300000| Untracked 
|  50|0x0000000086400000, 0x0000000086400000, 0x0000000086500000|  0%| F|  |TAMS 0x0000000086400000, 0x0000000086400000| Untracked 
|  51|0x0000000086500000, 0x0000000086500000, 0x0000000086600000|  0%| F|  |TAMS 0x0000000086500000, 0x0000000086500000| Untracked 
|  52|0x0000000086600000, 0x0000000086600000, 0x0000000086700000|  0%| F|  |TAMS 0x0000000086600000, 0x0000000086600000| Untracked 
|  53|0x0000000086700000, 0x0000000086700000, 0x0000000086800000|  0%| F|  |TAMS 0x0000000086700000, 0x0000000086700000| Untracked 
|  54|0x0000000086800000, 0x0000000086800000, 0x0000000086900000|  0%| F|  |TAMS 0x0000000086800000, 0x0000000086800000| Untracked 
|  55|0x0000000086900000, 0x0000000086900000, 0x0000000086a00000|  0%| F|  |TAMS 0x0000000086900000, 0x0000000086900000| Untracked 
|  56|0x0000000086a00000, 0x0000000086a00000, 0x0000000086b00000|  0%| F|  |TAMS 0x0000000086a00000, 0x0000000086a00000| Untracked 
|  57|0x0000000086b00000, 0x0000000086b00000, 0x0000000086c00000|  0%| F|  |TAMS 0x0000000086b00000, 0x0000000086b00000| Untracked 
|  58|0x0000000086c00000, 0x0000000086c00000, 0x0000000086d00000|  0%| F|  |TAMS 0x0000000086c00000, 0x0000000086c00000| Untracked 
|  59|0x0000000086d00000, 0x0000000086d00000, 0x0000000086e00000|  0%| F|  |TAMS 0x0000000086d00000, 0x0000000086d00000| Untracked 
|  60|0x0000000086e00000, 0x0000000086e00000, 0x0000000086f00000|  0%| F|  |TAMS 0x0000000086e00000, 0x0000000086e00000| Untracked 
|  61|0x0000000086f00000, 0x0000000086f00000, 0x0000000087000000|  0%| F|  |TAMS 0x0000000086f00000, 0x0000000086f00000| Untracked 
|  62|0x0000000087000000, 0x0000000087000000, 0x0000000087100000|  0%| F|  |TAMS 0x0000000087000000, 0x0000000087000000| Untracked 
|  63|0x0000000087100000, 0x0000000087100000, 0x0000000087200000|  0%| F|  |TAMS 0x0000000087100000, 0x0000000087100000| Untracked 
|  64|0x0000000087200000, 0x0000000087200000, 0x0000000087300000|  0%| F|  |TAMS 0x0000000087200000, 0x0000000087200000| Untracked 
|  65|0x0000000087300000, 0x0000000087300000, 0x0000000087400000|  0%| F|  |TAMS 0x0000000087300000, 0x0000000087300000| Untracked 
|  66|0x0000000087400000, 0x0000000087400000, 0x0000000087500000|  0%| F|  |TAMS 0x0000000087400000, 0x0000000087400000| Untracked 
|  67|0x0000000087500000, 0x0000000087500000, 0x0000000087600000|  0%| F|  |TAMS 0x0000000087500000, 0x0000000087500000| Untracked 
|  68|0x0000000087600000, 0x0000000087600000, 0x0000000087700000|  0%| F|  |TAMS 0x0000000087600000, 0x0000000087600000| Untracked 
|  69|0x0000000087700000, 0x0000000087700000, 0x0000000087800000|  0%| F|  |TAMS 0x0000000087700000, 0x0000000087700000| Untracked 
|  70|0x0000000087800000, 0x0000000087800000, 0x0000000087900000|  0%| F|  |TAMS 0x0000000087800000, 0x0000000087800000| Untracked 
|  71|0x0000000087900000, 0x0000000087900000, 0x0000000087a00000|  0%| F|  |TAMS 0x0000000087900000, 0x0000000087900000| Untracked 
|  72|0x0000000087a00000, 0x0000000087a00000, 0x0000000087b00000|  0%| F|  |TAMS 0x0000000087a00000, 0x0000000087a00000| Untracked 
|  73|0x0000000087b00000, 0x0000000087b00000, 0x0000000087c00000|  0%| F|  |TAMS 0x0000000087b00000, 0x0000000087b00000| Untracked 
|  74|0x0000000087c00000, 0x0000000087c00000, 0x0000000087d00000|  0%| F|  |TAMS 0x0000000087c00000, 0x0000000087c00000| Untracked 
|  75|0x0000000087d00000, 0x0000000087df3220, 0x0000000087e00000| 94%| S|CS|TAMS 0x0000000087d00000, 0x0000000087d00000| Complete 
|  76|0x0000000087e00000, 0x0000000087f00000, 0x0000000087f00000|100%| S|CS|TAMS 0x0000000087e00000, 0x0000000087e00000| Complete 
|  77|0x0000000087f00000, 0x0000000088000000, 0x0000000088000000|100%| S|CS|TAMS 0x0000000087f00000, 0x0000000087f00000| Complete 
|  78|0x0000000088000000, 0x0000000088100000, 0x0000000088100000|100%| S|CS|TAMS 0x0000000088000000, 0x0000000088000000| Complete 
|  79|0x0000000088100000, 0x0000000088200000, 0x0000000088200000|100%| S|CS|TAMS 0x0000000088100000, 0x0000000088100000| Complete 
|  80|0x0000000088200000, 0x0000000088300000, 0x0000000088300000|100%| S|CS|TAMS 0x0000000088200000, 0x0000000088200000| Complete 
|  81|0x0000000088300000, 0x0000000088400000, 0x0000000088400000|100%| S|CS|TAMS 0x0000000088300000, 0x0000000088300000| Complete 
|  82|0x0000000088400000, 0x0000000088400000, 0x0000000088500000|  0%| F|  |TAMS 0x0000000088400000, 0x0000000088400000| Untracked 
|  83|0x0000000088500000, 0x0000000088500000, 0x0000000088600000|  0%| F|  |TAMS 0x0000000088500000, 0x0000000088500000| Untracked 
|  84|0x0000000088600000, 0x0000000088600000, 0x0000000088700000|  0%| F|  |TAMS 0x0000000088600000, 0x0000000088600000| Untracked 
|  85|0x0000000088700000, 0x0000000088700000, 0x0000000088800000|  0%| F|  |TAMS 0x0000000088700000, 0x0000000088700000| Untracked 
|  86|0x0000000088800000, 0x0000000088800000, 0x0000000088900000|  0%| F|  |TAMS 0x0000000088800000, 0x0000000088800000| Untracked 
|  87|0x0000000088900000, 0x0000000088900000, 0x0000000088a00000|  0%| F|  |TAMS 0x0000000088900000, 0x0000000088900000| Untracked 
|  88|0x0000000088a00000, 0x0000000088a00000, 0x0000000088b00000|  0%| F|  |TAMS 0x0000000088a00000, 0x0000000088a00000| Untracked 
|  89|0x0000000088b00000, 0x0000000088b00000, 0x0000000088c00000|  0%| F|  |TAMS 0x0000000088b00000, 0x0000000088b00000| Untracked 
|  90|0x0000000088c00000, 0x0000000088c00000, 0x0000000088d00000|  0%| F|  |TAMS 0x0000000088c00000, 0x0000000088c00000| Untracked 
|  91|0x0000000088d00000, 0x0000000088d00000, 0x0000000088e00000|  0%| F|  |TAMS 0x0000000088d00000, 0x0000000088d00000| Untracked 
|  92|0x0000000088e00000, 0x0000000088e00000, 0x0000000088f00000|  0%| F|  |TAMS 0x0000000088e00000, 0x0000000088e00000| Untracked 
|  93|0x0000000088f00000, 0x0000000088f00000, 0x0000000089000000|  0%| F|  |TAMS 0x0000000088f00000, 0x0000000088f00000| Untracked 
|  94|0x0000000089000000, 0x0000000089000000, 0x0000000089100000|  0%| F|  |TAMS 0x0000000089000000, 0x0000000089000000| Untracked 
|  95|0x0000000089100000, 0x0000000089100000, 0x0000000089200000|  0%| F|  |TAMS 0x0000000089100000, 0x0000000089100000| Untracked 
|  96|0x0000000089200000, 0x0000000089200000, 0x0000000089300000|  0%| F|  |TAMS 0x0000000089200000, 0x0000000089200000| Untracked 
|  97|0x0000000089300000, 0x0000000089300000, 0x0000000089400000|  0%| F|  |TAMS 0x0000000089300000, 0x0000000089300000| Untracked 
|  98|0x0000000089400000, 0x0000000089400000, 0x0000000089500000|  0%| F|  |TAMS 0x0000000089400000, 0x0000000089400000| Untracked 
|  99|0x0000000089500000, 0x0000000089500000, 0x0000000089600000|  0%| F|  |TAMS 0x0000000089500000, 0x0000000089500000| Untracked 
| 100|0x0000000089600000, 0x0000000089600000, 0x0000000089700000|  0%| F|  |TAMS 0x0000000089600000, 0x0000000089600000| Untracked 
| 101|0x0000000089700000, 0x0000000089700000, 0x0000000089800000|  0%| F|  |TAMS 0x0000000089700000, 0x0000000089700000| Untracked 
| 102|0x0000000089800000, 0x0000000089800000, 0x0000000089900000|  0%| F|  |TAMS 0x0000000089800000, 0x0000000089800000| Untracked 
| 103|0x0000000089900000, 0x0000000089900000, 0x0000000089a00000|  0%| F|  |TAMS 0x0000000089900000, 0x0000000089900000| Untracked 
| 104|0x0000000089a00000, 0x0000000089a00000, 0x0000000089b00000|  0%| F|  |TAMS 0x0000000089a00000, 0x0000000089a00000| Untracked 
| 105|0x0000000089b00000, 0x0000000089b00000, 0x0000000089c00000|  0%| F|  |TAMS 0x0000000089b00000, 0x0000000089b00000| Untracked 
| 106|0x0000000089c00000, 0x0000000089c00000, 0x0000000089d00000|  0%| F|  |TAMS 0x0000000089c00000, 0x0000000089c00000| Untracked 
| 107|0x0000000089d00000, 0x0000000089d00000, 0x0000000089e00000|  0%| F|  |TAMS 0x0000000089d00000, 0x0000000089d00000| Untracked 
| 108|0x0000000089e00000, 0x0000000089e00000, 0x0000000089f00000|  0%| F|  |TAMS 0x0000000089e00000, 0x0000000089e00000| Untracked 
| 109|0x0000000089f00000, 0x0000000089f00000, 0x000000008a000000|  0%| F|  |TAMS 0x0000000089f00000, 0x0000000089f00000| Untracked 
| 110|0x000000008a000000, 0x000000008a000000, 0x000000008a100000|  0%| F|  |TAMS 0x000000008a000000, 0x000000008a000000| Untracked 
| 111|0x000000008a100000, 0x000000008a100000, 0x000000008a200000|  0%| F|  |TAMS 0x000000008a100000, 0x000000008a100000| Untracked 
| 112|0x000000008a200000, 0x000000008a200000, 0x000000008a300000|  0%| F|  |TAMS 0x000000008a200000, 0x000000008a200000| Untracked 
| 113|0x000000008a300000, 0x000000008a300000, 0x000000008a400000|  0%| F|  |TAMS 0x000000008a300000, 0x000000008a300000| Untracked 
| 114|0x000000008a400000, 0x000000008a400000, 0x000000008a500000|  0%| F|  |TAMS 0x000000008a400000, 0x000000008a400000| Untracked 
| 115|0x000000008a500000, 0x000000008a500000, 0x000000008a600000|  0%| F|  |TAMS 0x000000008a500000, 0x000000008a500000| Untracked 
| 116|0x000000008a600000, 0x000000008a600000, 0x000000008a700000|  0%| F|  |TAMS 0x000000008a600000, 0x000000008a600000| Untracked 
| 117|0x000000008a700000, 0x000000008a700000, 0x000000008a800000|  0%| F|  |TAMS 0x000000008a700000, 0x000000008a700000| Untracked 
| 118|0x000000008a800000, 0x000000008a800000, 0x000000008a900000|  0%| F|  |TAMS 0x000000008a800000, 0x000000008a800000| Untracked 
| 119|0x000000008a900000, 0x000000008a900000, 0x000000008aa00000|  0%| F|  |TAMS 0x000000008a900000, 0x000000008a900000| Untracked 
| 120|0x000000008aa00000, 0x000000008aa00000, 0x000000008ab00000|  0%| F|  |TAMS 0x000000008aa00000, 0x000000008aa00000| Untracked 
| 121|0x000000008ab00000, 0x000000008ab00000, 0x000000008ac00000|  0%| F|  |TAMS 0x000000008ab00000, 0x000000008ab00000| Untracked 
| 122|0x000000008ac00000, 0x000000008ac00000, 0x000000008ad00000|  0%| F|  |TAMS 0x000000008ac00000, 0x000000008ac00000| Untracked 
| 123|0x000000008ad00000, 0x000000008ad00000, 0x000000008ae00000|  0%| F|  |TAMS 0x000000008ad00000, 0x000000008ad00000| Untracked 
| 124|0x000000008ae00000, 0x000000008ae00000, 0x000000008af00000|  0%| F|  |TAMS 0x000000008ae00000, 0x000000008ae00000| Untracked 
| 125|0x000000008af00000, 0x000000008af00000, 0x000000008b000000|  0%| F|  |TAMS 0x000000008af00000, 0x000000008af00000| Untracked 

Card table byte_map: [0x0000021174e80000,0x0000021175270000] _byte_map_base: 0x0000021174a67000

Marking Bits (Prev, Next): (CMBitMap*) 0x000002115b3e4230, (CMBitMap*) 0x000002115b3e41f8
 Prev Bits: [0x00000211775a0000, 0x00000211794d8000)
 Next Bits: [0x0000021175660000, 0x0000021177598000)

Polling page: 0x000002115cc20000

Metaspace:

Usage:
  Non-class:     30.59 MB capacity,    30.04 MB ( 98%) used,   450.75 KB (  1%) free+waste,   113.06 KB ( <1%) overhead. 
      Class:      4.35 MB capacity,     3.96 MB ( 91%) used,   353.63 KB (  8%) free+waste,    54.38 KB (  1%) overhead. 
       Both:     34.95 MB capacity,    34.00 MB ( 97%) used,   804.38 KB (  2%) free+waste,   167.44 KB ( <1%) overhead. 

Virtual space:
  Non-class space:       32.00 MB reserved,      30.63 MB ( 96%) committed 
      Class space:        1.00 GB reserved,       4.38 MB ( <1%) committed 
             Both:        1.03 GB reserved,      35.00 MB (  3%) committed 

Chunk freelists:
   Non-Class:  3.88 KB
       Class:  2.75 KB
        Both:  6.63 KB

CodeHeap 'non-profiled nmethods': size=120000Kb used=1381Kb max_used=1381Kb free=118618Kb
 bounds [0x000002116cae0000, 0x000002116cd50000, 0x0000021174010000]
CodeHeap 'profiled nmethods': size=120000Kb used=7362Kb max_used=7362Kb free=112638Kb
 bounds [0x00000211655b0000, 0x0000021165cf0000, 0x000002116cae0000]
CodeHeap 'non-nmethods': size=5760Kb used=1145Kb max_used=1190Kb free=4614Kb
 bounds [0x0000021165010000, 0x0000021165280000, 0x00000211655b0000]
 total_blobs=3691 nmethods=3233 adapters=369
 compilation: enabled
              stopped_count=0, restarted_count=0
 full_count=0

Compilation events (10 events):
Event: 8.585 Thread 0x000002117c959000 3255       1       org.springframework.boot.web.server.MimeMappings$Mapping::getMimeType (5 bytes)
Event: 8.585 Thread 0x000002117c959000 nmethod 3255 0x000002116cc37390 code [0x000002116cc37520, 0x000002116cc375d8]
Event: 8.592 Thread 0x000002117c959000 3256       1       ch.qos.logback.core.pattern.Converter::getNext (5 bytes)
Event: 8.592 Thread 0x000002117c959000 nmethod 3256 0x000002116cc37690 code [0x000002116cc37820, 0x000002116cc378d8]
Event: 8.624 Thread 0x000002117c959000 3257       3       java.util.HashMap$Values::iterator (12 bytes)
Event: 8.624 Thread 0x000002117c959000 nmethod 3257 0x0000021165cdff10 code [0x0000021165ce00c0, 0x0000021165ce0328]
Event: 8.624 Thread 0x000002117c959000 3258       3       java.util.HashMap$ValueIterator::<init> (11 bytes)
Event: 8.624 Thread 0x000002117c959000 nmethod 3258 0x0000021165ce0410 code [0x0000021165ce05c0, 0x0000021165ce0748]
Event: 8.625 Thread 0x000002117bffc000 nmethod 3253 0x000002116cc37990 code [0x000002116cc37ba0, 0x000002116cc38bc0]
Event: 8.625 Thread 0x000002117bffc000 3246 %     4       sun.nio.cs.UTF_8$Decoder::decodeArrayLoop @ 73 (691 bytes)

GC Heap History (9 events):
Event: 1.953 GC heap before
{Heap before GC invocations=0 (full 0):
 garbage-first heap   total 129024K, used 24576K [0x0000000083200000, 0x0000000100000000)
  region size 1024K, 24 young (24576K), 0 survivors (0K)
 Metaspace       used 11852K, capacity 12084K, committed 12288K, reserved 1060864K
  class space    used 1145K, capacity 1218K, committed 1280K, reserved 1048576K
}
Event: 1.969 GC heap after
{Heap after GC invocations=1 (full 0):
 garbage-first heap   total 129024K, used 6369K [0x0000000083200000, 0x0000000100000000)
  region size 1024K, 3 young (3072K), 3 survivors (3072K)
 Metaspace       used 11852K, capacity 12084K, committed 12288K, reserved 1060864K
  class space    used 1145K, capacity 1218K, committed 1280K, reserved 1048576K
}
Event: 3.349 GC heap before
{Heap before GC invocations=1 (full 0):
 garbage-first heap   total 129024K, used 46305K [0x0000000083200000, 0x0000000100000000)
  region size 1024K, 44 young (45056K), 3 survivors (3072K)
 Metaspace       used 20597K, capacity 21103K, committed 21248K, reserved 1069056K
  class space    used 2255K, capacity 2475K, committed 2560K, reserved 1048576K
}
Event: 3.365 GC heap after
{Heap after GC invocations=2 (full 0):
 garbage-first heap   total 129024K, used 8360K [0x0000000083200000, 0x0000000100000000)
  region size 1024K, 5 young (5120K), 5 survivors (5120K)
 Metaspace       used 20597K, capacity 21103K, committed 21248K, reserved 1069056K
  class space    used 2255K, capacity 2475K, committed 2560K, reserved 1048576K
}
Event: 4.088 GC heap before
{Heap before GC invocations=3 (full 0):
 garbage-first heap   total 129024K, used 49320K [0x0000000083200000, 0x0000000100000000)
  region size 1024K, 46 young (47104K), 5 survivors (5120K)
 Metaspace       used 25138K, capacity 25765K, committed 25984K, reserved 1073152K
  class space    used 2837K, capacity 3097K, committed 3200K, reserved 1048576K
}
Event: 4.102 GC heap after
{Heap after GC invocations=4 (full 0):
 garbage-first heap   total 129024K, used 9460K [0x0000000083200000, 0x0000000100000000)
  region size 1024K, 3 young (3072K), 3 survivors (3072K)
 Metaspace       used 25138K, capacity 25765K, committed 25984K, reserved 1073152K
  class space    used 2837K, capacity 3097K, committed 3200K, reserved 1048576K
}
Event: 5.716 GC heap before
{Heap before GC invocations=4 (full 0):
 garbage-first heap   total 129024K, used 65780K [0x0000000083200000, 0x0000000100000000)
  region size 1024K, 59 young (60416K), 3 survivors (3072K)
 Metaspace       used 27993K, capacity 28704K, committed 28800K, reserved 1075200K
  class space    used 3149K, capacity 3425K, committed 3456K, reserved 1048576K
}
Event: 5.734 GC heap after
{Heap after GC invocations=5 (full 0):
 garbage-first heap   total 129024K, used 10753K [0x0000000083200000, 0x0000000100000000)
  region size 1024K, 5 young (5120K), 5 survivors (5120K)
 Metaspace       used 27993K, capacity 28704K, committed 28800K, reserved 1075200K
  class space    used 3149K, capacity 3425K, committed 3456K, reserved 1048576K
}
Event: 8.634 GC heap before
{Heap before GC invocations=5 (full 0):
 garbage-first heap   total 129024K, used 54785K [0x0000000083200000, 0x0000000100000000)
  region size 1024K, 49 young (50176K), 5 survivors (5120K)
 Metaspace       used 34815K, capacity 35787K, committed 35840K, reserved 1081344K
  class space    used 4050K, capacity 4458K, committed 4480K, reserved 1048576K
}

Deoptimization events (10 events):
Event: 7.202 Thread 0x000002115b3a7800 Uncommon trap: reason=class_check action=maybe_recompile pc=0x000002116cb60a90 method=java.lang.invoke.LambdaForm$Name.replaceNames([Ljava/lang/invoke/LambdaForm$Name;[Ljava/lang/invoke/LambdaForm$Name;II)Ljava/lang/invoke/LambdaForm$Name; @ 33 c2
Event: 7.202 Thread 0x000002115b3a7800 Uncommon trap: reason=class_check action=maybe_recompile pc=0x000002116cb60a90 method=java.lang.invoke.LambdaForm$Name.replaceNames([Ljava/lang/invoke/LambdaForm$Name;[Ljava/lang/invoke/LambdaForm$Name;II)Ljava/lang/invoke/LambdaForm$Name; @ 33 c2
Event: 7.240 Thread 0x000002115b3a7800 Uncommon trap: reason=class_check action=maybe_recompile pc=0x000002116cb96638 method=java.util.concurrent.ConcurrentHashMap.putVal(Ljava/lang/Object;Ljava/lang/Object;Z)Ljava/lang/Object; @ 242 c2
Event: 7.249 Thread 0x000002115b3a7800 Uncommon trap: reason=class_check action=maybe_recompile pc=0x000002116cb96638 method=java.util.concurrent.ConcurrentHashMap.putVal(Ljava/lang/Object;Ljava/lang/Object;Z)Ljava/lang/Object; @ 242 c2
Event: 7.415 Thread 0x000002115b3a7800 Uncommon trap: reason=unstable_if action=reinterpret pc=0x000002116cb37724 method=sun.net.www.ParseUtil.firstEncodeIndex(Ljava/lang/String;)I @ 51 c2
Event: 7.529 Thread 0x000002115b3a7800 Uncommon trap: reason=unstable_if action=reinterpret pc=0x000002116cbd3b98 method=java.util.LinkedHashMap.get(Ljava/lang/Object;)Ljava/lang/Object; @ 20 c2
Event: 7.550 Thread 0x000002115b3a7800 Uncommon trap: reason=unstable_if action=reinterpret pc=0x000002116cc0c93c method=java.util.Properties$LineReader.readLine()I @ 430 c2
Event: 7.550 Thread 0x000002115b3a7800 Uncommon trap: reason=unstable_if action=reinterpret pc=0x000002116cc0b19c method=java.util.Properties.loadConvert([CIILjava/lang/StringBuilder;)Ljava/lang/String; @ 26 c2
Event: 7.550 Thread 0x000002115b3a7800 Uncommon trap: reason=unstable_if action=reinterpret pc=0x000002116cb8bf88 method=java.util.Properties$LineReader.readLine()I @ 117 c2
Event: 8.484 Thread 0x000002115b3a7800 Uncommon trap: reason=unstable_if action=reinterpret pc=0x000002116cc2f01c method=java.util.Properties.loadConvert([CIILjava/lang/StringBuilder;)Ljava/lang/String; @ 130 c2

Classes redefined (0 events):
No events

Internal exceptions (10 events):
Event: 6.836 Thread 0x000002115b3a7800 Exception <a 'java/lang/ClassNotFoundException'{0x0000000089985cd0}: org/springframework/beans/factory/AwareCustomizer> (0x0000000089985cd0) thrown at [./open/src/hotspot/share/classfile/systemDictionary.cpp, line 228]
Event: 6.951 Thread 0x000002115b3a7800 Exception <a 'java/lang/NoSuchMethodError'{0x0000000089619fb0}: java.lang.invoke.DirectMethodHandle$Holder.invokeSpecialIFC(Ljava/lang/Object;Ljava/lang/Object;Ljava/lang/Object;)Ljava/lang/Object;> (0x0000000089619fb0) thrown at [./open/src/hotspot/share
Event: 7.091 Thread 0x000002115b3a7800 Exception <a 'java/lang/NoSuchMethodError'{0x000000008940cd10}: java.lang.invoke.DirectMethodHandle$Holder.invokeSpecial(Ljava/lang/Object;Ljava/lang/Object;Ljava/lang/Object;Ljava/lang/Object;Ljava/lang/Object;)I> (0x000000008940cd10) thrown at [./open/s
Event: 7.201 Thread 0x000002115b3a7800 Exception <a 'java/lang/NoSuchMethodError'{0x0000000089256ef0}: java.lang.invoke.DelegatingMethodHandle$Holder.delegate(Ljava/lang/Object;Ljava/lang/Object;ILjava/lang/Object;)V> (0x0000000089256ef0) thrown at [./open/src/hotspot/share/interpreter/linkRes
Event: 7.312 Thread 0x000002115b3a7800 Exception <a 'java/lang/NoSuchMethodError'{0x0000000089173ac0}: java.lang.invoke.DirectMethodHandle$Holder.invokeInterface(Ljava/lang/Object;Ljava/lang/Object;I)V> (0x0000000089173ac0) thrown at [./open/src/hotspot/share/interpreter/linkResolver.cpp, line
Event: 7.315 Thread 0x000002115b3a7800 Exception <a 'java/lang/NoSuchMethodError'{0x000000008918c380}: java.lang.invoke.DirectMethodHandle$Holder.invokeVirtual(Ljava/lang/Object;Ljava/lang/Object;)I> (0x000000008918c380) thrown at [./open/src/hotspot/share/interpreter/linkResolver.cpp, line 77
Event: 7.328 Thread 0x000002115b3a7800 Exception <a 'java/lang/IncompatibleClassChangeError'{0x00000000891c2610}: Found class java.lang.Object, but interface was expected> (0x00000000891c2610) thrown at [./open/src/hotspot/share/interpreter/linkResolver.cpp, line 838]
Event: 7.329 Thread 0x000002115b3a7800 Exception <a 'java/lang/NoSuchMethodError'{0x00000000891c74b0}: java.lang.invoke.DirectMethodHandle$Holder.invokeStatic(Ljava/lang/Object;ILjava/lang/Object;)V> (0x00000000891c74b0) thrown at [./open/src/hotspot/share/interpreter/linkResolver.cpp, line 77
Event: 7.619 Thread 0x000002115b3a7800 Exception <a 'java/lang/NoSuchMethodError'{0x0000000088c92f60}: java.lang.invoke.DirectMethodHandle$Holder.invokeStaticInit(Ljava/lang/Object;IIII)Ljava/lang/Object;> (0x0000000088c92f60) thrown at [./open/src/hotspot/share/interpreter/linkResolver.cpp, l
Event: 8.295 Thread 0x000002115b3a7800 Exception <a 'java/lang/NoSuchMethodError'{0x0000000088b49910}: java.lang.invoke.DirectMethodHandle$Holder.invokeStaticInit(Ljava/lang/Object;Ljava/lang/Object;IIII)Ljava/lang/Object;> (0x0000000088b49910) thrown at [./open/src/hotspot/share/interpreter/l

Events (10 events):
Event: 8.621 Thread 0x000002115b3a7800 DEOPT UNPACKING pc=0x0000021165037c0e sp=0x000000393c0fd2e8 mode 0
Event: 8.621 loading class org/apache/catalina/mbeans/MBeanUtils
Event: 8.621 loading class org/apache/catalina/mbeans/MBeanUtils done
Event: 8.624 loading class org/apache/tomcat/util/threads/InlineExecutorService
Event: 8.624 loading class org/apache/tomcat/util/threads/InlineExecutorService done
Event: 8.632 loading class org/apache/catalina/Executor
Event: 8.632 loading class org/apache/catalina/Executor done
Event: 8.633 loading class org/apache/catalina/connector/CoyoteAdapter
Event: 8.633 loading class org/apache/catalina/connector/CoyoteAdapter done
Event: 8.634 Executing VM operation: CollectForMetadataAllocation


Dynamic libraries:
0x00007ff78b220000 - 0x00007ff78b22f000 	C:\Program Files\Java\jdk-11.0.11\bin\java.exe
0x00007ffcb70c0000 - 0x00007ffcb72c9000 	C:\WINDOWS\SYSTEM32\ntdll.dll
0x00007ffcb5be0000 - 0x00007ffcb5c9e000 	C:\WINDOWS\System32\KERNEL32.DLL
0x00007ffcb4590000 - 0x00007ffcb490b000 	C:\WINDOWS\System32\KERNELBASE.dll
0x000000005b710000 - 0x000000005b7a3000 	C:\WINDOWS\System32\SYSFER.DLL
0x00007ffcb4ba0000 - 0x00007ffcb4cb1000 	C:\WINDOWS\System32\ucrtbase.dll
0x00007ffca2fa0000 - 0x00007ffca2fb8000 	C:\Program Files\Java\jdk-11.0.11\bin\jli.dll
0x00007ffcb5dc0000 - 0x00007ffcb5e6e000 	C:\WINDOWS\System32\ADVAPI32.dll
0x00007ffcb5060000 - 0x00007ffcb5103000 	C:\WINDOWS\System32\msvcrt.dll
0x00007ffcb5a60000 - 0x00007ffcb5afe000 	C:\WINDOWS\System32\sechost.dll
0x00007ffcb6e30000 - 0x00007ffcb6f50000 	C:\WINDOWS\System32\RPCRT4.dll
0x00007ffcb6aa0000 - 0x00007ffcb6c4d000 	C:\WINDOWS\System32\USER32.dll
0x00007ffcb4e90000 - 0x00007ffcb4eb6000 	C:\WINDOWS\System32\win32u.dll
0x00007ffcb6010000 - 0x00007ffcb6039000 	C:\WINDOWS\System32\GDI32.dll
0x00007ffcb4910000 - 0x00007ffcb4a28000 	C:\WINDOWS\System32\gdi32full.dll
0x00007ffcb4df0000 - 0x00007ffcb4e8d000 	C:\WINDOWS\System32\msvcp_win.dll
0x00007ffca31f0000 - 0x00007ffca3205000 	C:\Program Files\Java\jdk-11.0.11\bin\VCRUNTIME140.dll
0x00007ffcac710000 - 0x00007ffcac71a000 	C:\WINDOWS\SYSTEM32\VERSION.dll
0x00007ffc95aa0000 - 0x00007ffc95d45000 	C:\WINDOWS\WinSxS\amd64_microsoft.windows.common-controls_6595b64144ccf1df_6.0.22000.120_none_9d947278b86cc467\COMCTL32.dll
0x00007ffcb6a40000 - 0x00007ffcb6a72000 	C:\WINDOWS\System32\IMM32.DLL
0x00007ffc7ba00000 - 0x00007ffc7ba9b000 	C:\Program Files\Java\jdk-11.0.11\bin\msvcp140.dll
0x00007ffc29b90000 - 0x00007ffc2a68e000 	C:\Program Files\Java\jdk-11.0.11\bin\server\jvm.dll
0x00007ffcb6a90000 - 0x00007ffcb6a98000 	C:\WINDOWS\System32\PSAPI.DLL
0x00007ffc8ee30000 - 0x00007ffc8ee39000 	C:\WINDOWS\SYSTEM32\WSOCK32.dll
0x00007ffcb6f50000 - 0x00007ffcb6fbf000 	C:\WINDOWS\System32\WS2_32.dll
0x00007ffcae6d0000 - 0x00007ffcae703000 	C:\WINDOWS\SYSTEM32\WINMM.dll
0x00007ffcb35d0000 - 0x00007ffcb35e8000 	C:\WINDOWS\SYSTEM32\kernel.appcore.dll
0x00007ffcb1210000 - 0x00007ffcb1220000 	C:\Program Files\Java\jdk-11.0.11\bin\verify.dll
0x00007ffcb2100000 - 0x00007ffcb2321000 	C:\WINDOWS\SYSTEM32\DBGHELP.DLL
0x00007ffc9f1d0000 - 0x00007ffc9f201000 	C:\WINDOWS\SYSTEM32\dbgcore.DLL
0x00007ffcb4ec0000 - 0x00007ffcb4f3f000 	C:\WINDOWS\System32\bcryptPrimitives.dll
0x00007ffc94610000 - 0x00007ffc94638000 	C:\Program Files\Java\jdk-11.0.11\bin\java.dll
0x00007ffcaf5c0000 - 0x00007ffcaf5ca000 	C:\Program Files\Java\jdk-11.0.11\bin\jimage.dll
0x00007ffc91d00000 - 0x00007ffc91d0e000 	C:\Program Files\Java\jdk-11.0.11\bin\instrument.dll
0x00007ffca2f40000 - 0x00007ffca2f56000 	C:\Program Files\Java\jdk-11.0.11\bin\zip.dll
0x00007ffcb61f0000 - 0x00007ffcb69a7000 	C:\WINDOWS\System32\SHELL32.dll
0x00007ffcb2590000 - 0x00007ffcb2df5000 	C:\WINDOWS\SYSTEM32\windows.storage.dll
0x00007ffcb56e0000 - 0x00007ffcb5a58000 	C:\WINDOWS\System32\combase.dll
0x00007ffcb2420000 - 0x00007ffcb2586000 	C:\WINDOWS\SYSTEM32\wintypes.dll
0x00007ffcb5cc0000 - 0x00007ffcb5daa000 	C:\WINDOWS\System32\SHCORE.dll
0x00007ffcb60b0000 - 0x00007ffcb610d000 	C:\WINDOWS\System32\shlwapi.dll
0x00007ffcb44c0000 - 0x00007ffcb44e1000 	C:\WINDOWS\SYSTEM32\profapi.dll
0x00007ffca25c0000 - 0x00007ffca25d9000 	C:\Program Files\Java\jdk-11.0.11\bin\net.dll
0x00007ffcac020000 - 0x00007ffcac134000 	C:\WINDOWS\SYSTEM32\WINHTTP.dll
0x00007ffcb3a70000 - 0x00007ffcb3ad7000 	C:\WINDOWS\system32\mswsock.dll
0x00007ffca2260000 - 0x00007ffca2272000 	C:\Program Files\Java\jdk-11.0.11\bin\nio.dll
0x00007ffc81570000 - 0x00007ffc8158a000 	C:\Program Files\JetBrains\IntelliJ IDEA Community Edition 2022.3.2\bin\breakgen64.dll
0x00007ffcaf510000 - 0x00007ffcaf519000 	C:\Program Files\Java\jdk-11.0.11\bin\management.dll
0x00007ffcaf4d0000 - 0x00007ffcaf4db000 	C:\Program Files\Java\jdk-11.0.11\bin\management_ext.dll
0x00007ffc944e0000 - 0x00007ffc944f7000 	C:\WINDOWS\system32\napinsp.dll
0x00007ffc94460000 - 0x00007ffc9447b000 	C:\WINDOWS\system32\pnrpnsp.dll
0x00007ffcb3120000 - 0x00007ffcb3208000 	C:\WINDOWS\SYSTEM32\DNSAPI.dll
0x00007ffcb30f0000 - 0x00007ffcb311d000 	C:\WINDOWS\SYSTEM32\IPHLPAPI.DLL
0x00007ffcb6a80000 - 0x00007ffcb6a89000 	C:\WINDOWS\System32\NSI.dll
0x00007ffc94300000 - 0x00007ffc94312000 	C:\WINDOWS\System32\winrnr.dll
0x00007ffcaa490000 - 0x00007ffcaa4a5000 	C:\WINDOWS\system32\wshbth.dll
0x00007ffc942e0000 - 0x00007ffc942ff000 	C:\WINDOWS\system32\nlansp_c.dll
0x00007ffca5260000 - 0x00007ffca526a000 	C:\Windows\System32\rasadhlp.dll
0x00007ffca9e70000 - 0x00007ffca9ef1000 	C:\WINDOWS\System32\fwpuclnt.dll
0x00007ffcb3ca0000 - 0x00007ffcb3cb8000 	C:\WINDOWS\SYSTEM32\CRYPTSP.dll
0x00007ffcb3530000 - 0x00007ffcb3565000 	C:\WINDOWS\system32\rsaenh.dll
0x00007ffcb3b40000 - 0x00007ffcb3b69000 	C:\WINDOWS\SYSTEM32\USERENV.dll
0x00007ffcb3e80000 - 0x00007ffcb3ea7000 	C:\WINDOWS\SYSTEM32\bcrypt.dll
0x00007ffcb3cc0000 - 0x00007ffcb3ccc000 	C:\WINDOWS\SYSTEM32\CRYPTBASE.dll
0x00007ffcac270000 - 0x00007ffcac289000 	C:\WINDOWS\SYSTEM32\dhcpcsvc6.DLL
0x00007ffcac500000 - 0x00007ffcac51e000 	C:\WINDOWS\SYSTEM32\dhcpcsvc.DLL

dbghelp: loaded successfully - version: 4.0.5 - missing functions: none
symbol engine: initialized successfully - sym options: 0x614 - pdb path: .;C:\Program Files\Java\jdk-11.0.11\bin;C:\WINDOWS\SYSTEM32;C:\WINDOWS\WinSxS\amd64_microsoft.windows.common-controls_6595b64144ccf1df_6.0.22000.120_none_9d947278b86cc467;C:\Program Files\Java\jdk-11.0.11\bin\server;C:\Program Files\JetBrains\IntelliJ IDEA Community Edition 2022.3.2\bin

VM Arguments:
jvm_args: -javaagent:C:\Program Files\JetBrains\IntelliJ IDEA Community Edition 2022.3.2\lib\idea_rt.jar=57583:C:\Program Files\JetBrains\IntelliJ IDEA Community Edition 2022.3.2\bin -Dfile.encoding=UTF-8 
java_command: com.lcwd.user.service.UserServiceApplication
java_class_path (initial): C:\Users\rithi\IdeaProjects\UserService\target\classes;C:\Users\rithi\.m2\repository\org\springframework\boot\spring-boot-starter-data-jpa\2.7.9\spring-boot-starter-data-jpa-2.7.9.jar;C:\Users\rithi\.m2\repository\org\springframework\boot\spring-boot-starter-aop\2.7.9\spring-boot-starter-aop-2.7.9.jar;C:\Users\rithi\.m2\repository\org\springframework\spring-aop\5.3.25\spring-aop-5.3.25.jar;C:\Users\rithi\.m2\repository\org\aspectj\aspectjweaver\1.9.7\aspectjweaver-1.9.7.jar;C:\Users\rithi\.m2\repository\org\springframework\boot\spring-boot-starter-jdbc\2.7.9\spring-boot-starter-jdbc-2.7.9.jar;C:\Users\rithi\.m2\repository\com\zaxxer\HikariCP\4.0.3\HikariCP-4.0.3.jar;C:\Users\rithi\.m2\repository\org\springframework\spring-jdbc\5.3.25\spring-jdbc-5.3.25.jar;C:\Users\rithi\.m2\repository\jakarta\transaction\jakarta.transaction-api\1.3.3\jakarta.transaction-api-1.3.3.jar;C:\Users\rithi\.m2\repository\jakarta\persistence\jakarta.persistence-api\2.2.3\jakarta.persistence-api-2.2.3.jar;C:\Users\rithi\.m2\repository\org\hibernate\hibernate-core\5.6.15.Final\hibernate-core-5.6.15.Final.jar;C:\Users\rithi\.m2\repository\org\jboss\logging\jboss-logging\3.4.3.Final\jboss-logging-3.4.3.Final.jar;C:\Users\rithi\.m2\repository\net\bytebuddy\byte-buddy\1.12.23\byte-buddy-1.12.23.jar;C:\Users\rithi\.m2\repository\antlr\antlr\2.7.7\antlr-2.7.7.jar;C:\Users\rithi\.m2\repository\org\jboss\jandex\2.4.2.Final\jandex-2.4.2.Final.jar;C:\Users\rithi\.m2\repository\com\fasterxml\classmate\1.5.1\classmate-1.5.1.jar;C:\Users\rithi\.m2\repository\org\hibernate\common\hibernate-commons-annotations\5.1.2.Final\hibernate-commons-annotations-5.1.2.Final.jar;C:\Users\rithi\.m2\repository\org\glassfish\jaxb\jaxb-runtime\2.3.8\jaxb-runtime-2.3.8.jar;C:\Users\rithi\.m2\repository\org\glassfish\jaxb\txw2\2.3.8\txw2-2.3.8.jar;C:\Users\rithi\.m2\repository\com\sun\istack\istack-commons-runtime\3.0.12\istack-commons-runtime-3.0.12.jar;C:\Users\rithi\.m2\repository\com\sun\acti
Launcher Type: SUN_STANDARD

[Global flags]
     intx CICompilerCount                          = 4                                         {product} {ergonomic}
     uint ConcGCThreads                            = 2                                         {product} {ergonomic}
     uint G1ConcRefinementThreads                  = 8                                         {product} {ergonomic}
   size_t G1HeapRegionSize                         = 1048576                                   {product} {ergonomic}
    uintx GCDrainStackTargetSize                   = 64                                        {product} {ergonomic}
   size_t InitialHeapSize                          = 132120576                                 {product} {ergonomic}
   size_t MarkStackSize                            = 4194304                                   {product} {ergonomic}
   size_t MaxHeapSize                              = 2095054848                                {product} {ergonomic}
   size_t MaxNewSize                               = 1256194048                                {product} {ergonomic}
   size_t MinHeapDeltaBytes                        = 1048576                                   {product} {ergonomic}
    uintx NonNMethodCodeHeapSize                   = 5836300                                {pd product} {ergonomic}
    uintx NonProfiledCodeHeapSize                  = 122910970                              {pd product} {ergonomic}
    uintx ProfiledCodeHeapSize                     = 122910970                              {pd product} {ergonomic}
    uintx ReservedCodeCacheSize                    = 251658240                              {pd product} {ergonomic}
     bool SegmentedCodeCache                       = true                                      {product} {ergonomic}
     bool UseCompressedClassPointers               = true                                 {lp64_product} {ergonomic}
     bool UseCompressedOops                        = true                                 {lp64_product} {ergonomic}
     bool UseG1GC                                  = true                                      {product} {ergonomic}
     bool UseLargePagesIndividualAllocation        = false                                  {pd product} {ergonomic}

Logging:
Log output configuration:
 #0: stdout all=warning uptime,level,tags
 #1: stderr all=off uptime,level,tags

Environment Variables:
JAVA_HOME=C:\Program Files\Java\jdk-11.0.11\bin
PATH=C:\Program Files\Common Files\Oracle\Java\javapath;C:\Python39\Scripts\;C:\Python39\;C:\WINDOWS\system32;C:\WINDOWS;C:\WINDOWS\System32\Wbem;C:\WINDOWS\System32\WindowsPowerShell\v1.0\;C:\WINDOWS\System32\OpenSSH\;C:\ProgramData\chocolatey\bin;C:\Program Files\Java\jdk-11.0.11\bin;;C:\Program Files\Docker\Docker\resources\bin;C:\Program Files\nodejs\;C:\Program Files\MySQL\MySQL Shell 8.0\bin\;C:\Users\rithi\AppData\Local\Microsoft\WindowsApps;;C:\Users\rithi\AppData\Local\Programs\Microsoft VS Code\bin;C:\Program Files\JetBrains\IntelliJ IDEA Community Edition 2020.2.3\bin;;C:\Program Files\JetBrains\IntelliJ IDEA 2022.2.2\bin;;C:\Program Files\JetBrains\JetBrains Rider 2022.2.3\bin;;C:\Users\rithi\AppData\Roaming\npm
USERNAME=rithi
OS=Windows_NT
PROCESSOR_IDENTIFIER=Intel64 Family 6 Model 126 Stepping 5, GenuineIntel



---------------  S Y S T E M  ---------------

OS: Windows 10 , 64 bit Build 22000 (10.0.22000.1335)
Hyper-V role detected

CPU:total 8 (initial active 8) (4 cores per cpu, 2 threads per core) family 6 model 126 stepping 5 microcode 0x86, cmov, cx8, fxsr, mmx, sse, sse2, sse3, ssse3, sse4.1, sse4.2, popcnt, avx, avx2, aes, clmul, erms, 3dnowpref, lzcnt, ht, tsc, tscinvbit, bmi1, bmi2, adx, evex, sha, fma

Memory: 4k page, system-wide physical 7987M (213M free)
TotalPageFile size 32563M (AvailPageFile size 21M)
current process WorkingSet (physical memory assigned to process): 193M, peak: 196M
current process commit charge ("private bytes"): 289M, peak: 315M

vm_info: Java HotSpot(TM) 64-Bit Server VM (11.0.11+9-LTS-194) for windows-amd64 JRE (11.0.11+9-LTS-194), built on Mar 18 2021 18:46:53 by "mach5one" with MS VC++ 15.9 (VS2017)

END.
