#
# There is insufficient memory for the Java Runtime Environment to continue.
# Native memory allocation (mmap) failed to map 132120576 bytes for Failed to commit area from 0x0000000083200000 to 0x000000008b000000 of length 132120576.
# Possible reasons:
#   The system is out of physical RAM or swap space
#   The process is running with CompressedOops enabled, and the Java Heap may be blocking the growth of the native heap
# Possible solutions:
#   Reduce memory load on the system
#   Increase physical memory or swap space
#   Check if swap backing store is full
#   Decrease Java heap size (-Xmx/-Xms)
#   Decrease number of Java threads
#   Decrease Java thread stack sizes (-Xss)
#   Set larger code cache with -XX:ReservedCodeCacheSize=
# This output file may be truncated or incomplete.
#
#  Out of Memory Error (./open/src/hotspot/os/windows/os_windows.cpp:3273), pid=103116, tid=104484
#
# JRE version:  (11.0.11+9) (build )
# Java VM: Java HotSpot(TM) 64-Bit Server VM (11.0.11+9-LTS-194, mixed mode, sharing, tiered, compressed oops, g1 gc, windows-amd64)
# No core dump will be written. Minidumps are not enabled by default on client versions of Windows
#

---------------  S U M M A R Y ------------

Command Line: -javaagent:C:\Program Files\JetBrains\IntelliJ IDEA Community Edition 2022.3.2\lib\idea_rt.jar=58564:C:\Program Files\JetBrains\IntelliJ IDEA Community Edition 2022.3.2\bin -Dfile.encoding=UTF-8 com.lcwd.user.service.UserServiceApplication

Host: Intel(R) Core(TM) i5-1035G1 CPU @ 1.00GHz, 8 cores, 7G,  Windows 10 , 64 bit Build 22000 (10.0.22000.1335)
Time: Sun Feb 26 15:45:42 2023 India Standard Time elapsed time: 0.099086 seconds (0d 0h 0m 0s)

---------------  T H R E A D  ---------------

Current thread (0x00000269e8bee800):  JavaThread "Unknown thread" [_thread_in_vm, id=104484, stack(0x000000d605d00000,0x000000d605e00000)]

Stack: [0x000000d605d00000,0x000000d605e00000]
Native frames: (J=compiled Java code, j=interpreted, Vv=VM code, C=native code)
V  [jvm.dll+0x616f2a]
V  [jvm.dll+0x74de7f]
V  [jvm.dll+0x74f505]
V  [jvm.dll+0x74fb83]
V  [jvm.dll+0x2436d8]
V  [jvm.dll+0x61431a]
V  [jvm.dll+0x6090f5]
V  [jvm.dll+0x2f7eec]
V  [jvm.dll+0x2f7d72]
V  [jvm.dll+0x2fca26]
V  [jvm.dll+0x33efef]
V  [jvm.dll+0x33ea20]
V  [jvm.dll+0x2d5608]
V  [jvm.dll+0x2d6766]
V  [jvm.dll+0x7299e7]
V  [jvm.dll+0x72b28f]
V  [jvm.dll+0x34bd39]
V  [jvm.dll+0x70f360]
V  [jvm.dll+0x3b50df]
V  [jvm.dll+0x3b71e1]
C  [jli.dll+0x520b]
C  [ucrtbase.dll+0x26c0c]
C  [KERNEL32.DLL+0x155a0]
C  [ntdll.dll+0x485b]


---------------  P R O C E S S  ---------------

Threads class SMR info:
_java_thread_list=0x00000269e6a33a50, length=0, elements={
}

Java Threads: ( => current thread )

Other Threads:
  0x00000269e8c03800 GCTaskThread "GC Thread#0" [stack: 0x000000d605e00000,0x000000d605f00000] [id=81876]
  0x00000269e6afd000 ConcurrentGCThread "G1 Main Marker" [stack: 0x000000d605f00000,0x000000d606000000] [id=97956]
  0x00000269e8c33000 ConcurrentGCThread "G1 Conc#0" [stack: 0x000000d606000000,0x000000d606100000] [id=103304]

[error occurred during error reporting (printing all threads), id 0xc0000005, EXCEPTION_ACCESS_VIOLATION (0xc0000005) at pc=0x00007ffc29e74857]

VM state:not at safepoint (not fully initialized)

VM Mutex/Monitor currently owned by a thread:  ([mutex/lock_event])
[0x00000269e8be9ab0] Heap_lock - owner thread: 0x00000269e8bee800

Heap address: 0x0000000083200000, size: 1998 MB, Compressed Oops mode: Non-zero based: 0x0000000083200000
Narrow klass base: 0x0000000000000000, Narrow klass shift: 0

GC Heap History (0 events):
No events

Deoptimization events (0 events):
No events

Classes redefined (0 events):
No events

Internal exceptions (0 events):
No events

Events (0 events):
No events


Dynamic libraries:
0x00007ff7f6920000 - 0x00007ff7f692f000 	C:\Program Files\Java\jdk-11.0.11\bin\java.exe
0x00007ffcb70c0000 - 0x00007ffcb72c9000 	C:\WINDOWS\SYSTEM32\ntdll.dll
0x00007ffcb5be0000 - 0x00007ffcb5c9e000 	C:\WINDOWS\System32\KERNEL32.DLL
0x00007ffcb4590000 - 0x00007ffcb490b000 	C:\WINDOWS\System32\KERNELBASE.dll
0x000000005b710000 - 0x000000005b7a3000 	C:\WINDOWS\System32\SYSFER.DLL
0x00007ffcb4ba0000 - 0x00007ffcb4cb1000 	C:\WINDOWS\System32\ucrtbase.dll
0x00007ffca2fa0000 - 0x00007ffca2fb8000 	C:\Program Files\Java\jdk-11.0.11\bin\jli.dll
0x00007ffcb5dc0000 - 0x00007ffcb5e6e000 	C:\WINDOWS\System32\ADVAPI32.dll
0x00007ffcb5060000 - 0x00007ffcb5103000 	C:\WINDOWS\System32\msvcrt.dll
0x00007ffca31f0000 - 0x00007ffca3205000 	C:\Program Files\Java\jdk-11.0.11\bin\VCRUNTIME140.dll
0x00007ffcb5a60000 - 0x00007ffcb5afe000 	C:\WINDOWS\System32\sechost.dll
0x00007ffcb6e30000 - 0x00007ffcb6f50000 	C:\WINDOWS\System32\RPCRT4.dll
0x00007ffcb6aa0000 - 0x00007ffcb6c4d000 	C:\WINDOWS\System32\USER32.dll
0x00007ffcb4e90000 - 0x00007ffcb4eb6000 	C:\WINDOWS\System32\win32u.dll
0x00007ffcb6010000 - 0x00007ffcb6039000 	C:\WINDOWS\System32\GDI32.dll
0x00007ffcb4910000 - 0x00007ffcb4a28000 	C:\WINDOWS\System32\gdi32full.dll
0x00007ffcb4df0000 - 0x00007ffcb4e8d000 	C:\WINDOWS\System32\msvcp_win.dll
0x00007ffc95aa0000 - 0x00007ffc95d45000 	C:\WINDOWS\WinSxS\amd64_microsoft.windows.common-controls_6595b64144ccf1df_6.0.22000.120_none_9d947278b86cc467\COMCTL32.dll
0x00007ffcac710000 - 0x00007ffcac71a000 	C:\WINDOWS\SYSTEM32\VERSION.dll
0x00007ffcb6a40000 - 0x00007ffcb6a72000 	C:\WINDOWS\System32\IMM32.DLL
0x00007ffc7ba00000 - 0x00007ffc7ba9b000 	C:\Program Files\Java\jdk-11.0.11\bin\msvcp140.dll
0x00007ffc29b90000 - 0x00007ffc2a68e000 	C:\Program Files\Java\jdk-11.0.11\bin\server\jvm.dll
0x00007ffcb6a90000 - 0x00007ffcb6a98000 	C:\WINDOWS\System32\PSAPI.DLL
0x00007ffc8ee30000 - 0x00007ffc8ee39000 	C:\WINDOWS\SYSTEM32\WSOCK32.dll
0x00007ffcb6f50000 - 0x00007ffcb6fbf000 	C:\WINDOWS\System32\WS2_32.dll
0x00007ffcae6d0000 - 0x00007ffcae703000 	C:\WINDOWS\SYSTEM32\WINMM.dll
0x00007ffcb35d0000 - 0x00007ffcb35e8000 	C:\WINDOWS\SYSTEM32\kernel.appcore.dll
0x00007ffcb1210000 - 0x00007ffcb1220000 	C:\Program Files\Java\jdk-11.0.11\bin\verify.dll
0x00007ffcb2100000 - 0x00007ffcb2321000 	C:\WINDOWS\SYSTEM32\DBGHELP.DLL
0x00007ffc9f1d0000 - 0x00007ffc9f201000 	C:\WINDOWS\SYSTEM32\dbgcore.DLL
0x00007ffcb4ec0000 - 0x00007ffcb4f3f000 	C:\WINDOWS\System32\bcryptPrimitives.dll
0x00007ffc94610000 - 0x00007ffc94638000 	C:\Program Files\Java\jdk-11.0.11\bin\java.dll
0x00007ffcaf5c0000 - 0x00007ffcaf5ca000 	C:\Program Files\Java\jdk-11.0.11\bin\jimage.dll
0x00007ffcb1220000 - 0x00007ffcb122e000 	C:\Program Files\Java\jdk-11.0.11\bin\instrument.dll
0x00007ffca2f40000 - 0x00007ffca2f56000 	C:\Program Files\Java\jdk-11.0.11\bin\zip.dll

dbghelp: loaded successfully - version: 4.0.5 - missing functions: none
symbol engine: initialized successfully - sym options: 0x614 - pdb path: .;C:\Program Files\Java\jdk-11.0.11\bin;C:\WINDOWS\SYSTEM32;C:\WINDOWS\WinSxS\amd64_microsoft.windows.common-controls_6595b64144ccf1df_6.0.22000.120_none_9d947278b86cc467;C:\Program Files\Java\jdk-11.0.11\bin\server

VM Arguments:
jvm_args: -javaagent:C:\Program Files\JetBrains\IntelliJ IDEA Community Edition 2022.3.2\lib\idea_rt.jar=58564:C:\Program Files\JetBrains\IntelliJ IDEA Community Edition 2022.3.2\bin -Dfile.encoding=UTF-8 
java_command: com.lcwd.user.service.UserServiceApplication
java_class_path (initial): C:\Users\rithi\IdeaProjects\UserService\target\classes;C:\Users\rithi\.m2\repository\org\springframework\boot\spring-boot-starter-data-jpa\2.7.9\spring-boot-starter-data-jpa-2.7.9.jar;C:\Users\rithi\.m2\repository\org\springframework\boot\spring-boot-starter-aop\2.7.9\spring-boot-starter-aop-2.7.9.jar;C:\Users\rithi\.m2\repository\org\springframework\spring-aop\5.3.25\spring-aop-5.3.25.jar;C:\Users\rithi\.m2\repository\org\aspectj\aspectjweaver\1.9.7\aspectjweaver-1.9.7.jar;C:\Users\rithi\.m2\repository\org\springframework\boot\spring-boot-starter-jdbc\2.7.9\spring-boot-starter-jdbc-2.7.9.jar;C:\Users\rithi\.m2\repository\com\zaxxer\HikariCP\4.0.3\HikariCP-4.0.3.jar;C:\Users\rithi\.m2\repository\org\springframework\spring-jdbc\5.3.25\spring-jdbc-5.3.25.jar;C:\Users\rithi\.m2\repository\jakarta\transaction\jakarta.transaction-api\1.3.3\jakarta.transaction-api-1.3.3.jar;C:\Users\rithi\.m2\repository\jakarta\persistence\jakarta.persistence-api\2.2.3\jakarta.persistence-api-2.2.3.jar;C:\Users\rithi\.m2\repository\org\hibernate\hibernate-core\5.6.15.Final\hibernate-core-5.6.15.Final.jar;C:\Users\rithi\.m2\repository\org\jboss\logging\jboss-logging\3.4.3.Final\jboss-logging-3.4.3.Final.jar;C:\Users\rithi\.m2\repository\net\bytebuddy\byte-buddy\1.12.23\byte-buddy-1.12.23.jar;C:\Users\rithi\.m2\repository\antlr\antlr\2.7.7\antlr-2.7.7.jar;C:\Users\rithi\.m2\repository\org\jboss\jandex\2.4.2.Final\jandex-2.4.2.Final.jar;C:\Users\rithi\.m2\repository\com\fasterxml\classmate\1.5.1\classmate-1.5.1.jar;C:\Users\rithi\.m2\repository\org\hibernate\common\hibernate-commons-annotations\5.1.2.Final\hibernate-commons-annotations-5.1.2.Final.jar;C:\Users\rithi\.m2\repository\org\glassfish\jaxb\jaxb-runtime\2.3.8\jaxb-runtime-2.3.8.jar;C:\Users\rithi\.m2\repository\org\glassfish\jaxb\txw2\2.3.8\txw2-2.3.8.jar;C:\Users\rithi\.m2\repository\com\sun\istack\istack-commons-runtime\3.0.12\istack-commons-runtime-3.0.12.jar;C:\Users\rithi\.m2\repository\com\sun\acti
Launcher Type: SUN_STANDARD

[Global flags]
     intx CICompilerCount                          = 4                                         {product} {ergonomic}
     uint ConcGCThreads                            = 2                                         {product} {ergonomic}
     uint G1ConcRefinementThreads                  = 8                                         {product} {ergonomic}
   size_t G1HeapRegionSize                         = 1048576                                   {product} {ergonomic}
    uintx GCDrainStackTargetSize                   = 64                                        {product} {ergonomic}
   size_t InitialHeapSize                          = 132120576                                 {product} {ergonomic}
   size_t MarkStackSize                            = 4194304                                   {product} {ergonomic}
   size_t MaxHeapSize                              = 2095054848                                {product} {ergonomic}
   size_t MinHeapDeltaBytes                        = 1048576                                   {product} {ergonomic}
    uintx NonNMethodCodeHeapSize                   = 5836300                                {pd product} {ergonomic}
    uintx NonProfiledCodeHeapSize                  = 122910970                              {pd product} {ergonomic}
    uintx ProfiledCodeHeapSize                     = 122910970                              {pd product} {ergonomic}
    uintx ReservedCodeCacheSize                    = 251658240                              {pd product} {ergonomic}
     bool SegmentedCodeCache                       = true                                      {product} {ergonomic}
     bool UseCompressedClassPointers               = true                                 {lp64_product} {ergonomic}
     bool UseCompressedOops                        = true                                 {lp64_product} {ergonomic}
     bool UseG1GC                                  = true                                      {product} {ergonomic}
     bool UseLargePagesIndividualAllocation        = false                                  {pd product} {ergonomic}

Logging:
Log output configuration:
 #0: stdout all=warning uptime,level,tags
 #1: stderr all=off uptime,level,tags

Environment Variables:
JAVA_HOME=C:\Program Files\Java\jdk-11.0.11\bin
PATH=C:\Program Files\Common Files\Oracle\Java\javapath;C:\Python39\Scripts\;C:\Python39\;C:\WINDOWS\system32;C:\WINDOWS;C:\WINDOWS\System32\Wbem;C:\WINDOWS\System32\WindowsPowerShell\v1.0\;C:\WINDOWS\System32\OpenSSH\;C:\ProgramData\chocolatey\bin;C:\Program Files\Java\jdk-11.0.11\bin;;C:\Program Files\Docker\Docker\resources\bin;C:\Program Files\nodejs\;C:\Program Files\MySQL\MySQL Shell 8.0\bin\;C:\Users\rithi\AppData\Local\Microsoft\WindowsApps;;C:\Users\rithi\AppData\Local\Programs\Microsoft VS Code\bin;C:\Program Files\JetBrains\IntelliJ IDEA Community Edition 2020.2.3\bin;;C:\Program Files\JetBrains\IntelliJ IDEA 2022.2.2\bin;;C:\Program Files\JetBrains\JetBrains Rider 2022.2.3\bin;;C:\Users\rithi\AppData\Roaming\npm
USERNAME=rithi
OS=Windows_NT
PROCESSOR_IDENTIFIER=Intel64 Family 6 Model 126 Stepping 5, GenuineIntel



---------------  S Y S T E M  ---------------

OS: Windows 10 , 64 bit Build 22000 (10.0.22000.1335)
Hyper-V role detected

CPU:total 8 (initial active 8) (4 cores per cpu, 2 threads per core) family 6 model 126 stepping 5 microcode 0x86, cmov, cx8, fxsr, mmx, sse, sse2, sse3, ssse3, sse4.1, sse4.2, popcnt, avx, avx2, aes, clmul, erms, 3dnowpref, lzcnt, ht, tsc, tscinvbit, bmi1, bmi2, adx, evex, sha, fma

Memory: 4k page, system-wide physical 7987M (462M free)
TotalPageFile size 32563M (AvailPageFile size 107M)
current process WorkingSet (physical memory assigned to process): 10M, peak: 10M
current process commit charge ("private bytes"): 60M, peak: 186M

vm_info: Java HotSpot(TM) 64-Bit Server VM (11.0.11+9-LTS-194) for windows-amd64 JRE (11.0.11+9-LTS-194), built on Mar 18 2021 18:46:53 by "mach5one" with MS VC++ 15.9 (VS2017)

END.
