#
# There is insufficient memory for the Java Runtime Environment to continue.
# Native memory allocation (mmap) failed to map 27262976 bytes for Failed to commit area from 0x000000008b000000 to 0x000000008ca00000 of length 27262976.
# Possible reasons:
#   The system is out of physical RAM or swap space
#   The process is running with CompressedOops enabled, and the Java Heap may be blocking the growth of the native heap
# Possible solutions:
#   Reduce memory load on the system
#   Increase physical memory or swap space
#   Check if swap backing store is full
#   Decrease Java heap size (-Xmx/-Xms)
#   Decrease number of Java threads
#   Decrease Java thread stack sizes (-Xss)
#   Set larger code cache with -XX:ReservedCodeCacheSize=
#   JVM is running with Unscaled Compressed Oops mode in which the Java heap is
#     placed in the first 4GB address space. The Java Heap base address is the
#     maximum limit for the native heap growth. Please use -XX:HeapBaseMinAddress
#     to set the Java Heap base and to place the Java Heap above 4GB virtual address.
# This output file may be truncated or incomplete.
#
#  Out of Memory Error (./open/src/hotspot/os/windows/os_windows.cpp:3273), pid=103316, tid=98116
#
# JRE version: Java(TM) SE Runtime Environment 18.9 (11.0.11+9) (build 11.0.11+9-LTS-194)
# Java VM: Java HotSpot(TM) 64-Bit Server VM 18.9 (11.0.11+9-LTS-194, mixed mode, tiered, compressed oops, g1 gc, windows-amd64)
# No core dump will be written. Minidumps are not enabled by default on client versions of Windows
#

---------------  S U M M A R Y ------------

Command Line: -javaagent:C:\Program Files\JetBrains\IntelliJ IDEA Community Edition 2022.3.2\lib\idea_rt.jar=64834:C:\Program Files\JetBrains\IntelliJ IDEA Community Edition 2022.3.2\bin -Dfile.encoding=UTF-8 com.lcwd.user.service.UserServiceApplication

Host: Intel(R) Core(TM) i5-1035G1 CPU @ 1.00GHz, 8 cores, 7G,  Windows 10 , 64 bit Build 22000 (10.0.22000.1335)
Time: Sun Feb 26 15:53:39 2023 India Standard Time elapsed time: 7.588809 seconds (0d 0h 0m 7s)

---------------  T H R E A D  ---------------

Current thread (0x000001f62677c800):  VMThread "VM Thread" [stack: 0x0000001e3b100000,0x0000001e3b200000] [id=98116]

Stack: [0x0000001e3b100000,0x0000001e3b200000]
[error occurred during error reporting (printing stack bounds), id 0xc0000005, EXCEPTION_ACCESS_VIOLATION (0xc0000005) at pc=0x000001f60ff710e7]

Native frames: (J=compiled Java code, j=interpreted, Vv=VM code, C=native code)
V  [jvm.dll+0x616f2a]
V  [jvm.dll+0x74de7f]
V  [jvm.dll+0x74f505]
V  [jvm.dll+0x74fae5]
V  [jvm.dll+0x74fa9b]
V  [jvm.dll+0x616763]
V  [jvm.dll+0x616b28]
C  [ntdll.dll+0xa8b1f]
C  [ntdll.dll+0x35b9a]
C  [ntdll.dll+0xa7b2e]
C  0x000001f60ff710e7

VM_Operation (0x0000001e3abfcac0): CollectForMetadataAllocation, mode: safepoint, requested by thread 0x000001f607ad7800


---------------  P R O C E S S  ---------------

Threads class SMR info:
_java_thread_list=0x000001f628444ab0, length=11, elements={
0x000001f607ad7800, 0x000001f626781000, 0x000001f626782000, 0x000001f626797800,
0x000001f626798800, 0x000001f6270e2800, 0x000001f6270ea800, 0x000001f6270fa800,
0x000001f626715000, 0x000001f627499800, 0x000001f62756e000
}

Java Threads: ( => current thread )
  0x000001f607ad7800 JavaThread "main" [_thread_blocked, id=65176, stack(0x0000001e3ab00000,0x0000001e3ac00000)]
  0x000001f626781000 JavaThread "Reference Handler" daemon [_thread_blocked, id=99148, stack(0x0000001e3b200000,0x0000001e3b300000)]
  0x000001f626782000 JavaThread "Finalizer" daemon [_thread_blocked, id=69540, stack(0x0000001e3b300000,0x0000001e3b400000)]
  0x000001f626797800 JavaThread "Signal Dispatcher" daemon [_thread_blocked, id=103492, stack(0x0000001e3b400000,0x0000001e3b500000)]
  0x000001f626798800 JavaThread "Attach Listener" daemon [_thread_blocked, id=20988, stack(0x0000001e3b500000,0x0000001e3b600000)]
  0x000001f6270e2800 JavaThread "C2 CompilerThread0" daemon [_thread_blocked, id=102528, stack(0x0000001e3b600000,0x0000001e3b700000)]
  0x000001f6270ea800 JavaThread "C1 CompilerThread0" daemon [_thread_blocked, id=104848, stack(0x0000001e3b700000,0x0000001e3b800000)]
  0x000001f6270fa800 JavaThread "Sweeper thread" daemon [_thread_blocked, id=89044, stack(0x0000001e3b800000,0x0000001e3b900000)]
  0x000001f626715000 JavaThread "Common-Cleaner" daemon [_thread_blocked, id=103148, stack(0x0000001e3b900000,0x0000001e3ba00000)]
  0x000001f627499800 JavaThread "Monitor Ctrl-Break" daemon [_thread_in_native, id=104272, stack(0x0000001e3ba00000,0x0000001e3bb00000)]
  0x000001f62756e000 JavaThread "Service Thread" daemon [_thread_blocked, id=94300, stack(0x0000001e3bb00000,0x0000001e3bc00000)]

Other Threads:
=>0x000001f62677c800 VMThread "VM Thread" [stack: 0x0000001e3b100000,0x0000001e3b200000] [id=98116]
  0x000001f627510000 WatcherThread [stack: 0x0000001e3bc00000,0x0000001e3bd00000] [id=91480]
  0x000001f607aec800 GCTaskThread "GC Thread#0" [stack: 0x0000001e3ac00000,0x0000001e3ad00000] [id=68640]
  0x000001f627aa3800 GCTaskThread "GC Thread#1" [stack: 0x0000001e3bd00000,0x0000001e3be00000] [id=96948]
  0x000001f627aa4000 GCTaskThread "GC Thread#2" [stack: 0x0000001e3be00000,0x0000001e3bf00000] [id=85796]
  0x000001f6284ab000 GCTaskThread "GC Thread#3" [stack: 0x0000001e3c000000,0x0000001e3c100000] [id=93992]
  0x000001f607b1f800 ConcurrentGCThread "G1 Main Marker" [stack: 0x0000001e3ad00000,0x0000001e3ae00000] [id=103484]
  0x000001f607b20800 ConcurrentGCThread "G1 Conc#0" [stack: 0x0000001e3ae00000,0x0000001e3af00000] [id=96020]
  0x000001f628074800 ConcurrentGCThread "G1 Conc#1" [stack: 0x0000001e3c100000,0x0000001e3c200000] [id=105180]
  0x000001f607b9e000 ConcurrentGCThread "G1 Refine#0" [stack: 0x0000001e3af00000,0x0000001e3b000000] [id=97612]
  0x000001f6265c6800 ConcurrentGCThread "G1 Young RemSet Sampling" [stack: 0x0000001e3b000000,0x0000001e3b100000] [id=91752]

Threads with active compile tasks:
C2 CompilerThread0   7623 3267   !   4       jdk.internal.loader.BuiltinClassLoader::loadClassOrNull (143 bytes)

VM state:at safepoint (normal execution)

VM Mutex/Monitor currently owned by a thread:  ([mutex/lock_event])
[0x000001f607ad38f0] Threads_lock - owner thread: 0x000001f62677c800
[0x000001f607ad3f20] Heap_lock - owner thread: 0x000001f607ad7800

Heap address: 0x0000000083200000, size: 1998 MB, Compressed Oops mode: 32-bit
Narrow klass base: 0x0000000000000000, Narrow klass shift: 3
Compressed class space size: 1073741824 Address: 0x0000000100000000

Heap:
 garbage-first heap   total 155648K, used 13755K [0x0000000083200000, 0x0000000100000000)
  region size 1024K, 7 young (7168K), 7 survivors (7168K)
 Metaspace       used 34900K, capacity 35855K, committed 35920K, reserved 1081344K
  class space    used 4055K, capacity 4460K, committed 4480K, reserved 1048576K
Heap Regions: E=young(eden), S=young(survivor), O=old, HS=humongous(starts), HC=humongous(continues), CS=collection set, F=free, A=archive, TAMS=top-at-mark-start (previous, next)
|   0|0x0000000083200000, 0x0000000083300000, 0x0000000083300000|100%|HS|  |TAMS 0x0000000083300000, 0x0000000083300000| Complete 
|   1|0x0000000083300000, 0x0000000083400000, 0x0000000083400000|100%| O|  |TAMS 0x0000000083400000, 0x0000000083400000| Untracked 
|   2|0x0000000083400000, 0x0000000083500000, 0x0000000083500000|100%| O|  |TAMS 0x0000000083500000, 0x0000000083500000| Untracked 
|   3|0x0000000083500000, 0x0000000083600000, 0x0000000083600000|100%| O|  |TAMS 0x000000008354c000, 0x0000000083600000| Untracked 
|   4|0x0000000083600000, 0x0000000083700000, 0x0000000083700000|100%| O|  |TAMS 0x0000000083600000, 0x0000000083700000| Untracked 
|   5|0x0000000083700000, 0x0000000083800000, 0x0000000083800000|100%| O|  |TAMS 0x0000000083700000, 0x0000000083800000| Untracked 
|   6|0x0000000083800000, 0x000000008386ee00, 0x0000000083900000| 43%| O|  |TAMS 0x0000000083800000, 0x000000008386ee00| Untracked 
|   7|0x0000000083900000, 0x0000000083900000, 0x0000000083a00000|  0%| F|  |TAMS 0x0000000083900000, 0x0000000083900000| Untracked 
|   8|0x0000000083a00000, 0x0000000083a00000, 0x0000000083b00000|  0%| F|  |TAMS 0x0000000083a00000, 0x0000000083a00000| Untracked 
|   9|0x0000000083b00000, 0x0000000083b00000, 0x0000000083c00000|  0%| F|  |TAMS 0x0000000083b00000, 0x0000000083b00000| Untracked 
|  10|0x0000000083c00000, 0x0000000083c00000, 0x0000000083d00000|  0%| F|  |TAMS 0x0000000083c00000, 0x0000000083c00000| Untracked 
|  11|0x0000000083d00000, 0x0000000083d00000, 0x0000000083e00000|  0%| F|  |TAMS 0x0000000083d00000, 0x0000000083d00000| Untracked 
|  12|0x0000000083e00000, 0x0000000083e00000, 0x0000000083f00000|  0%| F|  |TAMS 0x0000000083e00000, 0x0000000083e00000| Untracked 
|  13|0x0000000083f00000, 0x0000000083f00000, 0x0000000084000000|  0%| F|  |TAMS 0x0000000083f00000, 0x0000000083f00000| Untracked 
|  14|0x0000000084000000, 0x0000000084000000, 0x0000000084100000|  0%| F|  |TAMS 0x0000000084000000, 0x0000000084000000| Untracked 
|  15|0x0000000084100000, 0x0000000084100000, 0x0000000084200000|  0%| F|  |TAMS 0x0000000084100000, 0x0000000084100000| Untracked 
|  16|0x0000000084200000, 0x0000000084200000, 0x0000000084300000|  0%| F|  |TAMS 0x0000000084200000, 0x0000000084200000| Untracked 
|  17|0x0000000084300000, 0x0000000084300000, 0x0000000084400000|  0%| F|  |TAMS 0x0000000084300000, 0x0000000084300000| Untracked 
|  18|0x0000000084400000, 0x0000000084400000, 0x0000000084500000|  0%| F|  |TAMS 0x0000000084400000, 0x0000000084400000| Untracked 
|  19|0x0000000084500000, 0x0000000084500000, 0x0000000084600000|  0%| F|  |TAMS 0x0000000084500000, 0x0000000084500000| Untracked 
|  20|0x0000000084600000, 0x0000000084600000, 0x0000000084700000|  0%| F|  |TAMS 0x0000000084600000, 0x0000000084600000| Untracked 
|  21|0x0000000084700000, 0x0000000084700000, 0x0000000084800000|  0%| F|  |TAMS 0x0000000084700000, 0x0000000084700000| Untracked 
|  22|0x0000000084800000, 0x0000000084800000, 0x0000000084900000|  0%| F|  |TAMS 0x0000000084800000, 0x0000000084800000| Untracked 
|  23|0x0000000084900000, 0x0000000084900000, 0x0000000084a00000|  0%| F|  |TAMS 0x0000000084900000, 0x0000000084900000| Untracked 
|  24|0x0000000084a00000, 0x0000000084a00000, 0x0000000084b00000|  0%| F|  |TAMS 0x0000000084a00000, 0x0000000084a00000| Untracked 
|  25|0x0000000084b00000, 0x0000000084b00000, 0x0000000084c00000|  0%| F|  |TAMS 0x0000000084b00000, 0x0000000084b00000| Untracked 
|  26|0x0000000084c00000, 0x0000000084c00000, 0x0000000084d00000|  0%| F|  |TAMS 0x0000000084c00000, 0x0000000084c00000| Untracked 
|  27|0x0000000084d00000, 0x0000000084d00000, 0x0000000084e00000|  0%| F|  |TAMS 0x0000000084d00000, 0x0000000084d00000| Untracked 
|  28|0x0000000084e00000, 0x0000000084e00000, 0x0000000084f00000|  0%| F|  |TAMS 0x0000000084e00000, 0x0000000084e00000| Untracked 
|  29|0x0000000084f00000, 0x0000000084f00000, 0x0000000085000000|  0%| F|  |TAMS 0x0000000084f00000, 0x0000000084f00000| Untracked 
|  30|0x0000000085000000, 0x0000000085000000, 0x0000000085100000|  0%| F|  |TAMS 0x0000000085000000, 0x0000000085000000| Untracked 
|  31|0x0000000085100000, 0x0000000085100000, 0x0000000085200000|  0%| F|  |TAMS 0x0000000085100000, 0x0000000085100000| Untracked 
|  32|0x0000000085200000, 0x0000000085200000, 0x0000000085300000|  0%| F|  |TAMS 0x0000000085200000, 0x0000000085200000| Untracked 
|  33|0x0000000085300000, 0x0000000085300000, 0x0000000085400000|  0%| F|  |TAMS 0x0000000085300000, 0x0000000085300000| Untracked 
|  34|0x0000000085400000, 0x0000000085400000, 0x0000000085500000|  0%| F|  |TAMS 0x0000000085400000, 0x0000000085400000| Untracked 
|  35|0x0000000085500000, 0x0000000085500000, 0x0000000085600000|  0%| F|  |TAMS 0x0000000085500000, 0x0000000085500000| Untracked 
|  36|0x0000000085600000, 0x0000000085600000, 0x0000000085700000|  0%| F|  |TAMS 0x0000000085600000, 0x0000000085600000| Untracked 
|  37|0x0000000085700000, 0x0000000085700000, 0x0000000085800000|  0%| F|  |TAMS 0x0000000085700000, 0x0000000085700000| Untracked 
|  38|0x0000000085800000, 0x0000000085800000, 0x0000000085900000|  0%| F|  |TAMS 0x0000000085800000, 0x0000000085800000| Untracked 
|  39|0x0000000085900000, 0x0000000085900000, 0x0000000085a00000|  0%| F|  |TAMS 0x0000000085900000, 0x0000000085900000| Untracked 
|  40|0x0000000085a00000, 0x0000000085a00000, 0x0000000085b00000|  0%| F|  |TAMS 0x0000000085a00000, 0x0000000085a00000| Untracked 
|  41|0x0000000085b00000, 0x0000000085b00000, 0x0000000085c00000|  0%| F|  |TAMS 0x0000000085b00000, 0x0000000085b00000| Untracked 
|  42|0x0000000085c00000, 0x0000000085c00000, 0x0000000085d00000|  0%| F|  |TAMS 0x0000000085c00000, 0x0000000085c00000| Untracked 
|  43|0x0000000085d00000, 0x0000000085d00000, 0x0000000085e00000|  0%| F|  |TAMS 0x0000000085d00000, 0x0000000085d00000| Untracked 
|  44|0x0000000085e00000, 0x0000000085e00000, 0x0000000085f00000|  0%| F|  |TAMS 0x0000000085e00000, 0x0000000085e00000| Untracked 
|  45|0x0000000085f00000, 0x0000000085f00000, 0x0000000086000000|  0%| F|  |TAMS 0x0000000085f00000, 0x0000000085f00000| Untracked 
|  46|0x0000000086000000, 0x0000000086000000, 0x0000000086100000|  0%| F|  |TAMS 0x0000000086000000, 0x0000000086000000| Untracked 
|  47|0x0000000086100000, 0x0000000086100000, 0x0000000086200000|  0%| F|  |TAMS 0x0000000086100000, 0x0000000086100000| Untracked 
|  48|0x0000000086200000, 0x0000000086200000, 0x0000000086300000|  0%| F|  |TAMS 0x0000000086200000, 0x0000000086200000| Untracked 
|  49|0x0000000086300000, 0x0000000086300000, 0x0000000086400000|  0%| F|  |TAMS 0x0000000086300000, 0x0000000086300000| Untracked 
|  50|0x0000000086400000, 0x0000000086400000, 0x0000000086500000|  0%| F|  |TAMS 0x0000000086400000, 0x0000000086400000| Untracked 
|  51|0x0000000086500000, 0x0000000086500000, 0x0000000086600000|  0%| F|  |TAMS 0x0000000086500000, 0x0000000086500000| Untracked 
|  52|0x0000000086600000, 0x0000000086600000, 0x0000000086700000|  0%| F|  |TAMS 0x0000000086600000, 0x0000000086600000| Untracked 
|  53|0x0000000086700000, 0x0000000086700000, 0x0000000086800000|  0%| F|  |TAMS 0x0000000086700000, 0x0000000086700000| Untracked 
|  54|0x0000000086800000, 0x0000000086800000, 0x0000000086900000|  0%| F|  |TAMS 0x0000000086800000, 0x0000000086800000| Untracked 
|  55|0x0000000086900000, 0x0000000086900000, 0x0000000086a00000|  0%| F|  |TAMS 0x0000000086900000, 0x0000000086900000| Untracked 
|  56|0x0000000086a00000, 0x0000000086a00000, 0x0000000086b00000|  0%| F|  |TAMS 0x0000000086a00000, 0x0000000086a00000| Untracked 
|  57|0x0000000086b00000, 0x0000000086b00000, 0x0000000086c00000|  0%| F|  |TAMS 0x0000000086b00000, 0x0000000086b00000| Untracked 
|  58|0x0000000086c00000, 0x0000000086c00000, 0x0000000086d00000|  0%| F|  |TAMS 0x0000000086c00000, 0x0000000086c00000| Untracked 
|  59|0x0000000086d00000, 0x0000000086d00000, 0x0000000086e00000|  0%| F|  |TAMS 0x0000000086d00000, 0x0000000086d00000| Untracked 
|  60|0x0000000086e00000, 0x0000000086e00000, 0x0000000086f00000|  0%| F|  |TAMS 0x0000000086e00000, 0x0000000086e00000| Untracked 
|  61|0x0000000086f00000, 0x0000000086f00000, 0x0000000087000000|  0%| F|  |TAMS 0x0000000086f00000, 0x0000000086f00000| Untracked 
|  62|0x0000000087000000, 0x0000000087000000, 0x0000000087100000|  0%| F|  |TAMS 0x0000000087000000, 0x0000000087000000| Untracked 
|  63|0x0000000087100000, 0x0000000087100000, 0x0000000087200000|  0%| F|  |TAMS 0x0000000087100000, 0x0000000087100000| Untracked 
|  64|0x0000000087200000, 0x0000000087200000, 0x0000000087300000|  0%| F|  |TAMS 0x0000000087200000, 0x0000000087200000| Untracked 
|  65|0x0000000087300000, 0x0000000087300000, 0x0000000087400000|  0%| F|  |TAMS 0x0000000087300000, 0x0000000087300000| Untracked 
|  66|0x0000000087400000, 0x0000000087400000, 0x0000000087500000|  0%| F|  |TAMS 0x0000000087400000, 0x0000000087400000| Untracked 
|  67|0x0000000087500000, 0x0000000087500000, 0x0000000087600000|  0%| F|  |TAMS 0x0000000087500000, 0x0000000087500000| Untracked 
|  68|0x0000000087600000, 0x0000000087600000, 0x0000000087700000|  0%| F|  |TAMS 0x0000000087600000, 0x0000000087600000| Untracked 
|  69|0x0000000087700000, 0x0000000087700000, 0x0000000087800000|  0%| F|  |TAMS 0x0000000087700000, 0x0000000087700000| Untracked 
|  70|0x0000000087800000, 0x0000000087800000, 0x0000000087900000|  0%| F|  |TAMS 0x0000000087800000, 0x0000000087800000| Untracked 
|  71|0x0000000087900000, 0x0000000087900000, 0x0000000087a00000|  0%| F|  |TAMS 0x0000000087900000, 0x0000000087900000| Untracked 
|  72|0x0000000087a00000, 0x0000000087a00000, 0x0000000087b00000|  0%| F|  |TAMS 0x0000000087a00000, 0x0000000087a00000| Untracked 
|  73|0x0000000087b00000, 0x0000000087b00000, 0x0000000087c00000|  0%| F|  |TAMS 0x0000000087b00000, 0x0000000087b00000| Untracked 
|  74|0x0000000087c00000, 0x0000000087c00000, 0x0000000087d00000|  0%| F|  |TAMS 0x0000000087c00000, 0x0000000087c00000| Untracked 
|  75|0x0000000087d00000, 0x0000000087d00000, 0x0000000087e00000|  0%| F|  |TAMS 0x0000000087d00000, 0x0000000087d00000| Untracked 
|  76|0x0000000087e00000, 0x0000000087e00000, 0x0000000087f00000|  0%| F|  |TAMS 0x0000000087e00000, 0x0000000087e00000| Untracked 
|  77|0x0000000087f00000, 0x0000000087f00000, 0x0000000088000000|  0%| F|  |TAMS 0x0000000087f00000, 0x0000000087f00000| Untracked 
|  78|0x0000000088000000, 0x0000000088000000, 0x0000000088100000|  0%| F|  |TAMS 0x0000000088000000, 0x0000000088000000| Untracked 
|  79|0x0000000088100000, 0x0000000088100000, 0x0000000088200000|  0%| F|  |TAMS 0x0000000088100000, 0x0000000088100000| Untracked 
|  80|0x0000000088200000, 0x0000000088200000, 0x0000000088300000|  0%| F|  |TAMS 0x0000000088200000, 0x0000000088200000| Untracked 
|  81|0x0000000088300000, 0x0000000088400000, 0x0000000088400000|100%| S|CS|TAMS 0x0000000088300000, 0x0000000088300000| Complete 
|  82|0x0000000088400000, 0x0000000088500000, 0x0000000088500000|100%| S|CS|TAMS 0x0000000088400000, 0x0000000088400000| Complete 
|  83|0x0000000088500000, 0x0000000088600000, 0x0000000088600000|100%| S|CS|TAMS 0x0000000088500000, 0x0000000088500000| Complete 
|  84|0x0000000088600000, 0x0000000088700000, 0x0000000088700000|100%| S|CS|TAMS 0x0000000088600000, 0x0000000088600000| Complete 
|  85|0x0000000088700000, 0x0000000088800000, 0x0000000088800000|100%| S|CS|TAMS 0x0000000088700000, 0x0000000088700000| Complete 
|  86|0x0000000088800000, 0x0000000088900000, 0x0000000088900000|100%| S|CS|TAMS 0x0000000088800000, 0x0000000088800000| Complete 
|  87|0x0000000088900000, 0x0000000088a00000, 0x0000000088a00000|100%| S|CS|TAMS 0x0000000088900000, 0x0000000088900000| Complete 
|  88|0x0000000088a00000, 0x0000000088a00000, 0x0000000088b00000|  0%| F|  |TAMS 0x0000000088a00000, 0x0000000088a00000| Untracked 
|  89|0x0000000088b00000, 0x0000000088b00000, 0x0000000088c00000|  0%| F|  |TAMS 0x0000000088b00000, 0x0000000088b00000| Untracked 
|  90|0x0000000088c00000, 0x0000000088c00000, 0x0000000088d00000|  0%| F|  |TAMS 0x0000000088c00000, 0x0000000088c00000| Untracked 
|  91|0x0000000088d00000, 0x0000000088d00000, 0x0000000088e00000|  0%| F|  |TAMS 0x0000000088d00000, 0x0000000088d00000| Untracked 
|  92|0x0000000088e00000, 0x0000000088e00000, 0x0000000088f00000|  0%| F|  |TAMS 0x0000000088e00000, 0x0000000088e00000| Untracked 
|  93|0x0000000088f00000, 0x0000000088f00000, 0x0000000089000000|  0%| F|  |TAMS 0x0000000088f00000, 0x0000000088f00000| Untracked 
|  94|0x0000000089000000, 0x0000000089000000, 0x0000000089100000|  0%| F|  |TAMS 0x0000000089000000, 0x0000000089000000| Untracked 
|  95|0x0000000089100000, 0x0000000089100000, 0x0000000089200000|  0%| F|  |TAMS 0x0000000089100000, 0x0000000089100000| Untracked 
|  96|0x0000000089200000, 0x0000000089200000, 0x0000000089300000|  0%| F|  |TAMS 0x0000000089200000, 0x0000000089200000| Untracked 
|  97|0x0000000089300000, 0x0000000089300000, 0x0000000089400000|  0%| F|  |TAMS 0x0000000089300000, 0x0000000089300000| Untracked 
|  98|0x0000000089400000, 0x0000000089400000, 0x0000000089500000|  0%| F|  |TAMS 0x0000000089400000, 0x0000000089400000| Untracked 
|  99|0x0000000089500000, 0x0000000089500000, 0x0000000089600000|  0%| F|  |TAMS 0x0000000089500000, 0x0000000089500000| Untracked 
| 100|0x0000000089600000, 0x0000000089600000, 0x0000000089700000|  0%| F|  |TAMS 0x0000000089600000, 0x0000000089600000| Untracked 
| 101|0x0000000089700000, 0x0000000089700000, 0x0000000089800000|  0%| F|  |TAMS 0x0000000089700000, 0x0000000089700000| Untracked 
| 102|0x0000000089800000, 0x0000000089800000, 0x0000000089900000|  0%| F|  |TAMS 0x0000000089800000, 0x0000000089800000| Untracked 
| 103|0x0000000089900000, 0x0000000089900000, 0x0000000089a00000|  0%| F|  |TAMS 0x0000000089900000, 0x0000000089900000| Untracked 
| 104|0x0000000089a00000, 0x0000000089a00000, 0x0000000089b00000|  0%| F|  |TAMS 0x0000000089a00000, 0x0000000089a00000| Untracked 
| 105|0x0000000089b00000, 0x0000000089b00000, 0x0000000089c00000|  0%| F|  |TAMS 0x0000000089b00000, 0x0000000089b00000| Untracked 
| 106|0x0000000089c00000, 0x0000000089c00000, 0x0000000089d00000|  0%| F|  |TAMS 0x0000000089c00000, 0x0000000089c00000| Untracked 
| 107|0x0000000089d00000, 0x0000000089d00000, 0x0000000089e00000|  0%| F|  |TAMS 0x0000000089d00000, 0x0000000089d00000| Untracked 
| 108|0x0000000089e00000, 0x0000000089e00000, 0x0000000089f00000|  0%| F|  |TAMS 0x0000000089e00000, 0x0000000089e00000| Untracked 
| 109|0x0000000089f00000, 0x0000000089f00000, 0x000000008a000000|  0%| F|  |TAMS 0x0000000089f00000, 0x0000000089f00000| Untracked 
| 110|0x000000008a000000, 0x000000008a000000, 0x000000008a100000|  0%| F|  |TAMS 0x000000008a000000, 0x000000008a000000| Untracked 
| 111|0x000000008a100000, 0x000000008a100000, 0x000000008a200000|  0%| F|  |TAMS 0x000000008a100000, 0x000000008a100000| Untracked 
| 112|0x000000008a200000, 0x000000008a200000, 0x000000008a300000|  0%| F|  |TAMS 0x000000008a200000, 0x000000008a200000| Untracked 
| 113|0x000000008a300000, 0x000000008a300000, 0x000000008a400000|  0%| F|  |TAMS 0x000000008a300000, 0x000000008a300000| Untracked 
| 114|0x000000008a400000, 0x000000008a400000, 0x000000008a500000|  0%| F|  |TAMS 0x000000008a400000, 0x000000008a400000| Untracked 
| 115|0x000000008a500000, 0x000000008a500000, 0x000000008a600000|  0%| F|  |TAMS 0x000000008a500000, 0x000000008a500000| Untracked 
| 116|0x000000008a600000, 0x000000008a600000, 0x000000008a700000|  0%| F|  |TAMS 0x000000008a600000, 0x000000008a600000| Untracked 
| 117|0x000000008a700000, 0x000000008a700000, 0x000000008a800000|  0%| F|  |TAMS 0x000000008a700000, 0x000000008a700000| Untracked 
| 118|0x000000008a800000, 0x000000008a800000, 0x000000008a900000|  0%| F|  |TAMS 0x000000008a800000, 0x000000008a800000| Untracked 
| 119|0x000000008a900000, 0x000000008a900000, 0x000000008aa00000|  0%| F|  |TAMS 0x000000008a900000, 0x000000008a900000| Untracked 
| 120|0x000000008aa00000, 0x000000008aa00000, 0x000000008ab00000|  0%| F|  |TAMS 0x000000008aa00000, 0x000000008aa00000| Untracked 
| 121|0x000000008ab00000, 0x000000008ab00000, 0x000000008ac00000|  0%| F|  |TAMS 0x000000008ab00000, 0x000000008ab00000| Untracked 
| 122|0x000000008ac00000, 0x000000008ac00000, 0x000000008ad00000|  0%| F|  |TAMS 0x000000008ac00000, 0x000000008ac00000| Untracked 
| 123|0x000000008ad00000, 0x000000008ad00000, 0x000000008ae00000|  0%| F|  |TAMS 0x000000008ad00000, 0x000000008ad00000| Untracked 
| 124|0x000000008ae00000, 0x000000008ae00000, 0x000000008af00000|  0%| F|  |TAMS 0x000000008ae00000, 0x000000008ae00000| Untracked 
| 125|0x000000008af00000, 0x000000008af00000, 0x000000008b000000|  0%| F|  |TAMS 0x000000008af00000, 0x000000008af00000| Untracked 

Card table byte_map: [0x000001f61f6a0000,0x000001f61fa90000] _byte_map_base: 0x000001f61f287000

Marking Bits (Prev, Next): (CMBitMap*) 0x000001f607b14e50, (CMBitMap*) 0x000001f607b14e18
 Prev Bits: [0x000001f621dc0000, 0x000001f623cf8000)
 Next Bits: [0x000001f61fe80000, 0x000001f621db8000)

Polling page: 0x000001f6072a0000

Metaspace:

Usage:
  Non-class:     30.66 MB capacity,    30.12 MB ( 98%) used,   437.24 KB (  1%) free+waste,   113.25 KB ( <1%) overhead. 
      Class:      4.36 MB capacity,     3.96 MB ( 91%) used,   349.54 KB (  8%) free+waste,    54.50 KB (  1%) overhead. 
       Both:     35.01 MB capacity,    34.08 MB ( 97%) used,   786.78 KB (  2%) free+waste,   167.75 KB ( <1%) overhead. 

Virtual space:
  Non-class space:       32.00 MB reserved,      30.70 MB ( 96%) committed 
      Class space:        1.00 GB reserved,       4.38 MB ( <1%) committed 
             Both:        1.03 GB reserved,      35.08 MB (  3%) committed 

Chunk freelists:
   Non-Class:  3.63 KB
       Class:  2.50 KB
        Both:  6.13 KB

CodeHeap 'non-profiled nmethods': size=120000Kb used=1286Kb max_used=1286Kb free=118713Kb
 bounds [0x000001f617a40000, 0x000001f617cb0000, 0x000001f61ef70000]
CodeHeap 'profiled nmethods': size=120000Kb used=7507Kb max_used=7507Kb free=112492Kb
 bounds [0x000001f610510000, 0x000001f610c70000, 0x000001f617a40000]
CodeHeap 'non-nmethods': size=5760Kb used=1145Kb max_used=1189Kb free=4614Kb
 bounds [0x000001f60ff70000, 0x000001f6101e0000, 0x000001f610510000]
 total_blobs=3707 nmethods=3249 adapters=369
 compilation: enabled
              stopped_count=0, restarted_count=0
 full_count=0

Compilation events (10 events):
Event: 7.493 Thread 0x000001f6270ea800 3271       1       org.springframework.boot.web.server.MimeMappings$Mapping::getMimeType (5 bytes)
Event: 7.493 Thread 0x000001f6270ea800 nmethod 3271 0x000001f617b81310 code [0x000001f617b814a0, 0x000001f617b81558]
Event: 7.506 Thread 0x000001f6270ea800 3272       1       ch.qos.logback.core.pattern.Converter::getNext (5 bytes)
Event: 7.506 Thread 0x000001f6270ea800 nmethod 3272 0x000001f617b81610 code [0x000001f617b817a0, 0x000001f617b81858]
Event: 7.527 Thread 0x000001f6270ea800 3273       3       java.util.HashMap$Values::iterator (12 bytes)
Event: 7.527 Thread 0x000001f6270ea800 nmethod 3273 0x000001f610c60090 code [0x000001f610c60240, 0x000001f610c604a8]
Event: 7.527 Thread 0x000001f6270ea800 3274       3       java.util.HashMap$ValueIterator::<init> (11 bytes)
Event: 7.527 Thread 0x000001f6270ea800 nmethod 3274 0x000001f610c60590 code [0x000001f610c60740, 0x000001f610c608c8]
Event: 7.541 Thread 0x000001f6270ea800 3275       3       sun.nio.fs.WindowsPath::normalize (365 bytes)
Event: 7.545 Thread 0x000001f6270ea800 nmethod 3275 0x000001f610c60990 code [0x000001f610c60ec0, 0x000001f610c63df8]

GC Heap History (9 events):
Event: 1.822 GC heap before
{Heap before GC invocations=0 (full 0):
 garbage-first heap   total 129024K, used 24576K [0x0000000083200000, 0x0000000100000000)
  region size 1024K, 24 young (24576K), 0 survivors (0K)
 Metaspace       used 11835K, capacity 12020K, committed 12288K, reserved 1060864K
  class space    used 1144K, capacity 1218K, committed 1280K, reserved 1048576K
}
Event: 1.836 GC heap after
{Heap after GC invocations=1 (full 0):
 garbage-first heap   total 129024K, used 6448K [0x0000000083200000, 0x0000000100000000)
  region size 1024K, 3 young (3072K), 3 survivors (3072K)
 Metaspace       used 11835K, capacity 12020K, committed 12288K, reserved 1060864K
  class space    used 1144K, capacity 1218K, committed 1280K, reserved 1048576K
}
Event: 3.096 GC heap before
{Heap before GC invocations=1 (full 0):
 garbage-first heap   total 129024K, used 47408K [0x0000000083200000, 0x0000000100000000)
  region size 1024K, 45 young (46080K), 3 survivors (3072K)
 Metaspace       used 20646K, capacity 21164K, committed 21296K, reserved 1069056K
  class space    used 2262K, capacity 2474K, committed 2560K, reserved 1048576K
}
Event: 3.110 GC heap after
{Heap after GC invocations=2 (full 0):
 garbage-first heap   total 129024K, used 8256K [0x0000000083200000, 0x0000000100000000)
  region size 1024K, 5 young (5120K), 5 survivors (5120K)
 Metaspace       used 20646K, capacity 21164K, committed 21296K, reserved 1069056K
  class space    used 2262K, capacity 2474K, committed 2560K, reserved 1048576K
}
Event: 3.735 GC heap before
{Heap before GC invocations=3 (full 0):
 garbage-first heap   total 129024K, used 53312K [0x0000000083200000, 0x0000000100000000)
  region size 1024K, 50 young (51200K), 5 survivors (5120K)
 Metaspace       used 25093K, capacity 25735K, committed 25856K, reserved 1073152K
  class space    used 2834K, capacity 3065K, committed 3072K, reserved 1048576K
}
Event: 3.745 GC heap after
{Heap after GC invocations=4 (full 0):
 garbage-first heap   total 129024K, used 9531K [0x0000000083200000, 0x0000000100000000)
  region size 1024K, 3 young (3072K), 3 survivors (3072K)
 Metaspace       used 25093K, capacity 25735K, committed 25856K, reserved 1073152K
  class space    used 2834K, capacity 3065K, committed 3072K, reserved 1048576K
}
Event: 5.229 GC heap before
{Heap before GC invocations=4 (full 0):
 garbage-first heap   total 129024K, used 66875K [0x0000000083200000, 0x0000000100000000)
  region size 1024K, 60 young (61440K), 3 survivors (3072K)
 Metaspace       used 28710K, capacity 29443K, committed 29696K, reserved 1075200K
  class space    used 3249K, capacity 3544K, committed 3584K, reserved 1048576K
}
Event: 5.244 GC heap after
{Heap after GC invocations=5 (full 0):
 garbage-first heap   total 129024K, used 11026K [0x0000000083200000, 0x0000000100000000)
  region size 1024K, 5 young (5120K), 5 survivors (5120K)
 Metaspace       used 28710K, capacity 29443K, committed 29696K, reserved 1075200K
  class space    used 3249K, capacity 3544K, committed 3584K, reserved 1048576K
}
Event: 7.548 GC heap before
{Heap before GC invocations=5 (full 0):
 garbage-first heap   total 129024K, used 48914K [0x0000000083200000, 0x0000000100000000)
  region size 1024K, 43 young (44032K), 5 survivors (5120K)
 Metaspace       used 34900K, capacity 35855K, committed 35920K, reserved 1081344K
  class space    used 4055K, capacity 4460K, committed 4480K, reserved 1048576K
}

Deoptimization events (10 events):
Event: 6.180 Thread 0x000001f607ad7800 Uncommon trap: reason=unstable_if action=reinterpret pc=0x000001f617abf63c method=java.nio.Buffer.position(I)Ljava/nio/Buffer; @ 37 c2
Event: 6.286 Thread 0x000001f607ad7800 Uncommon trap: reason=class_check action=maybe_recompile pc=0x000001f617b28354 method=java.util.concurrent.ConcurrentHashMap.putVal(Ljava/lang/Object;Ljava/lang/Object;Z)Ljava/lang/Object; @ 242 c2
Event: 6.316 Thread 0x000001f607ad7800 Uncommon trap: reason=class_check action=maybe_recompile pc=0x000001f617b28354 method=java.util.concurrent.ConcurrentHashMap.putVal(Ljava/lang/Object;Ljava/lang/Object;Z)Ljava/lang/Object; @ 242 c2
Event: 6.343 Thread 0x000001f607ad7800 Uncommon trap: reason=class_check action=maybe_recompile pc=0x000001f617abbb10 method=java.lang.invoke.LambdaForm$Name.replaceNames([Ljava/lang/invoke/LambdaForm$Name;[Ljava/lang/invoke/LambdaForm$Name;II)Ljava/lang/invoke/LambdaForm$Name; @ 33 c2
Event: 6.343 Thread 0x000001f607ad7800 Uncommon trap: reason=class_check action=maybe_recompile pc=0x000001f617abbb10 method=java.lang.invoke.LambdaForm$Name.replaceNames([Ljava/lang/invoke/LambdaForm$Name;[Ljava/lang/invoke/LambdaForm$Name;II)Ljava/lang/invoke/LambdaForm$Name; @ 33 c2
Event: 6.369 Thread 0x000001f607ad7800 Uncommon trap: reason=class_check action=maybe_recompile pc=0x000001f617b28354 method=java.util.concurrent.ConcurrentHashMap.putVal(Ljava/lang/Object;Ljava/lang/Object;Z)Ljava/lang/Object; @ 242 c2
Event: 6.371 Thread 0x000001f607ad7800 Uncommon trap: reason=class_check action=maybe_recompile pc=0x000001f617b28354 method=java.util.concurrent.ConcurrentHashMap.putVal(Ljava/lang/Object;Ljava/lang/Object;Z)Ljava/lang/Object; @ 242 c2
Event: 6.521 Thread 0x000001f607ad7800 Uncommon trap: reason=unstable_if action=reinterpret pc=0x000001f617a9a5a4 method=sun.net.www.ParseUtil.firstEncodeIndex(Ljava/lang/String;)I @ 51 c2
Event: 6.614 Thread 0x000001f607ad7800 Uncommon trap: reason=unstable_if action=reinterpret pc=0x000001f617b29718 method=java.util.LinkedHashMap.get(Ljava/lang/Object;)Ljava/lang/Object; @ 20 c2
Event: 6.632 Thread 0x000001f607ad7800 Uncommon trap: reason=unstable_if action=reinterpret pc=0x000001f617aebf1c method=java.util.Properties.loadConvert([CIILjava/lang/StringBuilder;)Ljava/lang/String; @ 26 c2

Classes redefined (0 events):
No events

Internal exceptions (10 events):
Event: 5.923 Thread 0x000001f607ad7800 Exception <a 'java/lang/ClassNotFoundException'{0x0000000089f474b8}: org/springframework/beans/factory/AwareCustomizer> (0x0000000089f474b8) thrown at [./open/src/hotspot/share/classfile/systemDictionary.cpp, line 228]
Event: 6.044 Thread 0x000001f607ad7800 Exception <a 'java/lang/NoSuchMethodError'{0x0000000089ddb700}: java.lang.invoke.DirectMethodHandle$Holder.invokeSpecialIFC(Ljava/lang/Object;Ljava/lang/Object;Ljava/lang/Object;)Ljava/lang/Object;> (0x0000000089ddb700) thrown at [./open/src/hotspot/share
Event: 6.239 Thread 0x000001f607ad7800 Exception <a 'java/lang/NoSuchMethodError'{0x0000000089bcf570}: java.lang.invoke.DirectMethodHandle$Holder.invokeSpecial(Ljava/lang/Object;Ljava/lang/Object;Ljava/lang/Object;Ljava/lang/Object;Ljava/lang/Object;)I> (0x0000000089bcf570) thrown at [./open/s
Event: 6.343 Thread 0x000001f607ad7800 Exception <a 'java/lang/NoSuchMethodError'{0x0000000089817ff8}: java.lang.invoke.DelegatingMethodHandle$Holder.delegate(Ljava/lang/Object;Ljava/lang/Object;ILjava/lang/Object;)V> (0x0000000089817ff8) thrown at [./open/src/hotspot/share/interpreter/linkRes
Event: 6.409 Thread 0x000001f607ad7800 Exception <a 'java/lang/NoSuchMethodError'{0x000000008973c800}: java.lang.invoke.DirectMethodHandle$Holder.invokeInterface(Ljava/lang/Object;Ljava/lang/Object;I)V> (0x000000008973c800) thrown at [./open/src/hotspot/share/interpreter/linkResolver.cpp, line
Event: 6.423 Thread 0x000001f607ad7800 Exception <a 'java/lang/NoSuchMethodError'{0x0000000089754be0}: java.lang.invoke.DirectMethodHandle$Holder.invokeVirtual(Ljava/lang/Object;Ljava/lang/Object;)I> (0x0000000089754be0) thrown at [./open/src/hotspot/share/interpreter/linkResolver.cpp, line 77
Event: 6.442 Thread 0x000001f607ad7800 Exception <a 'java/lang/IncompatibleClassChangeError'{0x000000008978b288}: Found class java.lang.Object, but interface was expected> (0x000000008978b288) thrown at [./open/src/hotspot/share/interpreter/linkResolver.cpp, line 838]
Event: 6.442 Thread 0x000001f607ad7800 Exception <a 'java/lang/NoSuchMethodError'{0x0000000089790128}: java.lang.invoke.DirectMethodHandle$Holder.invokeStatic(Ljava/lang/Object;ILjava/lang/Object;)V> (0x0000000089790128) thrown at [./open/src/hotspot/share/interpreter/linkResolver.cpp, line 77
Event: 6.674 Thread 0x000001f607ad7800 Exception <a 'java/lang/NoSuchMethodError'{0x0000000089267f68}: java.lang.invoke.DirectMethodHandle$Holder.invokeStaticInit(Ljava/lang/Object;IIII)Ljava/lang/Object;> (0x0000000089267f68) thrown at [./open/src/hotspot/share/interpreter/linkResolver.cpp, l
Event: 7.252 Thread 0x000001f607ad7800 Exception <a 'java/lang/NoSuchMethodError'{0x000000008911f1e0}: java.lang.invoke.DirectMethodHandle$Holder.invokeStaticInit(Ljava/lang/Object;Ljava/lang/Object;IIII)Ljava/lang/Object;> (0x000000008911f1e0) thrown at [./open/src/hotspot/share/interpreter/l

Events (10 events):
Event: 7.540 loading class org/apache/catalina/util/ServerInfo done
Event: 7.542 loading class java/lang/ThreadLocal$SuppliedThreadLocal
Event: 7.542 loading class java/lang/ThreadLocal$SuppliedThreadLocal done
Event: 7.544 loading class java/util/logging/LogRecord
Event: 7.545 loading class java/util/logging/LogRecord done
Event: 7.546 loading class org/apache/catalina/realm/X509SubjectDnRetriever
Event: 7.546 loading class org/apache/catalina/realm/X509SubjectDnRetriever done
Event: 7.547 loading class org/apache/catalina/core/ContainerBase$StartChild
Event: 7.547 loading class org/apache/catalina/core/ContainerBase$StartChild done
Event: 7.548 Executing VM operation: CollectForMetadataAllocation


Dynamic libraries:
0x00007ff790a80000 - 0x00007ff790a8f000 	C:\Program Files\Java\jdk-11.0.11\bin\java.exe
0x00007ffcb70c0000 - 0x00007ffcb72c9000 	C:\WINDOWS\SYSTEM32\ntdll.dll
0x00007ffcb5be0000 - 0x00007ffcb5c9e000 	C:\WINDOWS\System32\KERNEL32.DLL
0x00007ffcb4590000 - 0x00007ffcb490b000 	C:\WINDOWS\System32\KERNELBASE.dll
0x000000005b710000 - 0x000000005b7a3000 	C:\WINDOWS\System32\SYSFER.DLL
0x00007ffcb4ba0000 - 0x00007ffcb4cb1000 	C:\WINDOWS\System32\ucrtbase.dll
0x00007ffca2fa0000 - 0x00007ffca2fb8000 	C:\Program Files\Java\jdk-11.0.11\bin\jli.dll
0x00007ffcb5dc0000 - 0x00007ffcb5e6e000 	C:\WINDOWS\System32\ADVAPI32.dll
0x00007ffcb5060000 - 0x00007ffcb5103000 	C:\WINDOWS\System32\msvcrt.dll
0x00007ffcb5a60000 - 0x00007ffcb5afe000 	C:\WINDOWS\System32\sechost.dll
0x00007ffcb6e30000 - 0x00007ffcb6f50000 	C:\WINDOWS\System32\RPCRT4.dll
0x00007ffcb6aa0000 - 0x00007ffcb6c4d000 	C:\WINDOWS\System32\USER32.dll
0x00007ffcb4e90000 - 0x00007ffcb4eb6000 	C:\WINDOWS\System32\win32u.dll
0x00007ffcb6010000 - 0x00007ffcb6039000 	C:\WINDOWS\System32\GDI32.dll
0x00007ffcb4910000 - 0x00007ffcb4a28000 	C:\WINDOWS\System32\gdi32full.dll
0x00007ffcb4df0000 - 0x00007ffcb4e8d000 	C:\WINDOWS\System32\msvcp_win.dll
0x00007ffc95aa0000 - 0x00007ffc95d45000 	C:\WINDOWS\WinSxS\amd64_microsoft.windows.common-controls_6595b64144ccf1df_6.0.22000.120_none_9d947278b86cc467\COMCTL32.dll
0x00007ffca31f0000 - 0x00007ffca3205000 	C:\Program Files\Java\jdk-11.0.11\bin\VCRUNTIME140.dll
0x00007ffcac710000 - 0x00007ffcac71a000 	C:\WINDOWS\SYSTEM32\VERSION.dll
0x00007ffcb6a40000 - 0x00007ffcb6a72000 	C:\WINDOWS\System32\IMM32.DLL
0x00007ffc7ba00000 - 0x00007ffc7ba9b000 	C:\Program Files\Java\jdk-11.0.11\bin\msvcp140.dll
0x00007ffc29b90000 - 0x00007ffc2a68e000 	C:\Program Files\Java\jdk-11.0.11\bin\server\jvm.dll
0x00007ffcb6a90000 - 0x00007ffcb6a98000 	C:\WINDOWS\System32\PSAPI.DLL
0x00007ffc8ee30000 - 0x00007ffc8ee39000 	C:\WINDOWS\SYSTEM32\WSOCK32.dll
0x00007ffcb6f50000 - 0x00007ffcb6fbf000 	C:\WINDOWS\System32\WS2_32.dll
0x00007ffcae6d0000 - 0x00007ffcae703000 	C:\WINDOWS\SYSTEM32\WINMM.dll
0x00007ffcb35d0000 - 0x00007ffcb35e8000 	C:\WINDOWS\SYSTEM32\kernel.appcore.dll
0x00007ffcb1210000 - 0x00007ffcb1220000 	C:\Program Files\Java\jdk-11.0.11\bin\verify.dll
0x00007ffcb2100000 - 0x00007ffcb2321000 	C:\WINDOWS\SYSTEM32\DBGHELP.DLL
0x00007ffc9f1d0000 - 0x00007ffc9f201000 	C:\WINDOWS\SYSTEM32\dbgcore.DLL
0x00007ffcb4ec0000 - 0x00007ffcb4f3f000 	C:\WINDOWS\System32\bcryptPrimitives.dll
0x00007ffc94610000 - 0x00007ffc94638000 	C:\Program Files\Java\jdk-11.0.11\bin\java.dll
0x00007ffcaf5c0000 - 0x00007ffcaf5ca000 	C:\Program Files\Java\jdk-11.0.11\bin\jimage.dll
0x00007ffc92100000 - 0x00007ffc9210e000 	C:\Program Files\Java\jdk-11.0.11\bin\instrument.dll
0x00007ffca2f40000 - 0x00007ffca2f56000 	C:\Program Files\Java\jdk-11.0.11\bin\zip.dll
0x00007ffcb61f0000 - 0x00007ffcb69a7000 	C:\WINDOWS\System32\SHELL32.dll
0x00007ffcb2590000 - 0x00007ffcb2df5000 	C:\WINDOWS\SYSTEM32\windows.storage.dll
0x00007ffcb56e0000 - 0x00007ffcb5a58000 	C:\WINDOWS\System32\combase.dll
0x00007ffcb2420000 - 0x00007ffcb2586000 	C:\WINDOWS\SYSTEM32\wintypes.dll
0x00007ffcb5cc0000 - 0x00007ffcb5daa000 	C:\WINDOWS\System32\SHCORE.dll
0x00007ffcb60b0000 - 0x00007ffcb610d000 	C:\WINDOWS\System32\shlwapi.dll
0x00007ffcb44c0000 - 0x00007ffcb44e1000 	C:\WINDOWS\SYSTEM32\profapi.dll
0x00007ffca25c0000 - 0x00007ffca25d9000 	C:\Program Files\Java\jdk-11.0.11\bin\net.dll
0x00007ffcac020000 - 0x00007ffcac134000 	C:\WINDOWS\SYSTEM32\WINHTTP.dll
0x00007ffcb3a70000 - 0x00007ffcb3ad7000 	C:\WINDOWS\system32\mswsock.dll
0x00007ffca2260000 - 0x00007ffca2272000 	C:\Program Files\Java\jdk-11.0.11\bin\nio.dll
0x00007ffc81570000 - 0x00007ffc8158a000 	C:\Program Files\JetBrains\IntelliJ IDEA Community Edition 2022.3.2\bin\breakgen64.dll
0x00007ffcaf510000 - 0x00007ffcaf519000 	C:\Program Files\Java\jdk-11.0.11\bin\management.dll
0x00007ffcaf4d0000 - 0x00007ffcaf4db000 	C:\Program Files\Java\jdk-11.0.11\bin\management_ext.dll
0x00007ffc944e0000 - 0x00007ffc944f7000 	C:\WINDOWS\system32\napinsp.dll
0x00007ffc94460000 - 0x00007ffc9447b000 	C:\WINDOWS\system32\pnrpnsp.dll
0x00007ffcb3120000 - 0x00007ffcb3208000 	C:\WINDOWS\SYSTEM32\DNSAPI.dll
0x00007ffcb30f0000 - 0x00007ffcb311d000 	C:\WINDOWS\SYSTEM32\IPHLPAPI.DLL
0x00007ffcb6a80000 - 0x00007ffcb6a89000 	C:\WINDOWS\System32\NSI.dll
0x00007ffc94300000 - 0x00007ffc94312000 	C:\WINDOWS\System32\winrnr.dll
0x00007ffcaa490000 - 0x00007ffcaa4a5000 	C:\WINDOWS\system32\wshbth.dll
0x00007ffc942e0000 - 0x00007ffc942ff000 	C:\WINDOWS\system32\nlansp_c.dll
0x00007ffca5260000 - 0x00007ffca526a000 	C:\Windows\System32\rasadhlp.dll
0x00007ffca9e70000 - 0x00007ffca9ef1000 	C:\WINDOWS\System32\fwpuclnt.dll
0x00007ffcb3ca0000 - 0x00007ffcb3cb8000 	C:\WINDOWS\SYSTEM32\CRYPTSP.dll
0x00007ffcb3530000 - 0x00007ffcb3565000 	C:\WINDOWS\system32\rsaenh.dll
0x00007ffcb3b40000 - 0x00007ffcb3b69000 	C:\WINDOWS\SYSTEM32\USERENV.dll
0x00007ffcb3e80000 - 0x00007ffcb3ea7000 	C:\WINDOWS\SYSTEM32\bcrypt.dll
0x00007ffcb3cc0000 - 0x00007ffcb3ccc000 	C:\WINDOWS\SYSTEM32\CRYPTBASE.dll
0x00007ffcac270000 - 0x00007ffcac289000 	C:\WINDOWS\SYSTEM32\dhcpcsvc6.DLL
0x00007ffcac500000 - 0x00007ffcac51e000 	C:\WINDOWS\SYSTEM32\dhcpcsvc.DLL

dbghelp: loaded successfully - version: 4.0.5 - missing functions: none
symbol engine: initialized successfully - sym options: 0x614 - pdb path: .;C:\Program Files\Java\jdk-11.0.11\bin;C:\WINDOWS\SYSTEM32;C:\WINDOWS\WinSxS\amd64_microsoft.windows.common-controls_6595b64144ccf1df_6.0.22000.120_none_9d947278b86cc467;C:\Program Files\Java\jdk-11.0.11\bin\server;C:\Program Files\JetBrains\IntelliJ IDEA Community Edition 2022.3.2\bin

VM Arguments:
jvm_args: -javaagent:C:\Program Files\JetBrains\IntelliJ IDEA Community Edition 2022.3.2\lib\idea_rt.jar=64834:C:\Program Files\JetBrains\IntelliJ IDEA Community Edition 2022.3.2\bin -Dfile.encoding=UTF-8 
java_command: com.lcwd.user.service.UserServiceApplication
java_class_path (initial): C:\Users\rithi\IdeaProjects\UserService\target\classes;C:\Users\rithi\.m2\repository\org\springframework\boot\spring-boot-starter-data-jpa\2.7.9\spring-boot-starter-data-jpa-2.7.9.jar;C:\Users\rithi\.m2\repository\org\springframework\boot\spring-boot-starter-aop\2.7.9\spring-boot-starter-aop-2.7.9.jar;C:\Users\rithi\.m2\repository\org\springframework\spring-aop\5.3.25\spring-aop-5.3.25.jar;C:\Users\rithi\.m2\repository\org\aspectj\aspectjweaver\1.9.7\aspectjweaver-1.9.7.jar;C:\Users\rithi\.m2\repository\org\springframework\boot\spring-boot-starter-jdbc\2.7.9\spring-boot-starter-jdbc-2.7.9.jar;C:\Users\rithi\.m2\repository\com\zaxxer\HikariCP\4.0.3\HikariCP-4.0.3.jar;C:\Users\rithi\.m2\repository\org\springframework\spring-jdbc\5.3.25\spring-jdbc-5.3.25.jar;C:\Users\rithi\.m2\repository\jakarta\transaction\jakarta.transaction-api\1.3.3\jakarta.transaction-api-1.3.3.jar;C:\Users\rithi\.m2\repository\jakarta\persistence\jakarta.persistence-api\2.2.3\jakarta.persistence-api-2.2.3.jar;C:\Users\rithi\.m2\repository\org\hibernate\hibernate-core\5.6.15.Final\hibernate-core-5.6.15.Final.jar;C:\Users\rithi\.m2\repository\org\jboss\logging\jboss-logging\3.4.3.Final\jboss-logging-3.4.3.Final.jar;C:\Users\rithi\.m2\repository\net\bytebuddy\byte-buddy\1.12.23\byte-buddy-1.12.23.jar;C:\Users\rithi\.m2\repository\antlr\antlr\2.7.7\antlr-2.7.7.jar;C:\Users\rithi\.m2\repository\org\jboss\jandex\2.4.2.Final\jandex-2.4.2.Final.jar;C:\Users\rithi\.m2\repository\com\fasterxml\classmate\1.5.1\classmate-1.5.1.jar;C:\Users\rithi\.m2\repository\org\hibernate\common\hibernate-commons-annotations\5.1.2.Final\hibernate-commons-annotations-5.1.2.Final.jar;C:\Users\rithi\.m2\repository\org\glassfish\jaxb\jaxb-runtime\2.3.8\jaxb-runtime-2.3.8.jar;C:\Users\rithi\.m2\repository\org\glassfish\jaxb\txw2\2.3.8\txw2-2.3.8.jar;C:\Users\rithi\.m2\repository\com\sun\istack\istack-commons-runtime\3.0.12\istack-commons-runtime-3.0.12.jar;C:\Users\rithi\.m2\repository\com\sun\acti
Launcher Type: SUN_STANDARD

[Global flags]
     intx CICompilerCount                          = 4                                         {product} {ergonomic}
     uint ConcGCThreads                            = 2                                         {product} {ergonomic}
     uint G1ConcRefinementThreads                  = 8                                         {product} {ergonomic}
   size_t G1HeapRegionSize                         = 1048576                                   {product} {ergonomic}
    uintx GCDrainStackTargetSize                   = 64                                        {product} {ergonomic}
   size_t InitialHeapSize                          = 132120576                                 {product} {ergonomic}
   size_t MarkStackSize                            = 4194304                                   {product} {ergonomic}
   size_t MaxHeapSize                              = 2095054848                                {product} {ergonomic}
   size_t MaxNewSize                               = 1256194048                                {product} {ergonomic}
   size_t MinHeapDeltaBytes                        = 1048576                                   {product} {ergonomic}
    uintx NonNMethodCodeHeapSize                   = 5836300                                {pd product} {ergonomic}
    uintx NonProfiledCodeHeapSize                  = 122910970                              {pd product} {ergonomic}
    uintx ProfiledCodeHeapSize                     = 122910970                              {pd product} {ergonomic}
    uintx ReservedCodeCacheSize                    = 251658240                              {pd product} {ergonomic}
     bool SegmentedCodeCache                       = true                                      {product} {ergonomic}
     bool UseCompressedClassPointers               = true                                 {lp64_product} {ergonomic}
     bool UseCompressedOops                        = true                                 {lp64_product} {ergonomic}
     bool UseG1GC                                  = true                                      {product} {ergonomic}
     bool UseLargePagesIndividualAllocation        = false                                  {pd product} {ergonomic}

Logging:
Log output configuration:
 #0: stdout all=warning uptime,level,tags
 #1: stderr all=off uptime,level,tags

Environment Variables:
JAVA_HOME=C:\Program Files\Java\jdk-11.0.11\bin
PATH=C:\Program Files\Common Files\Oracle\Java\javapath;C:\Python39\Scripts\;C:\Python39\;C:\WINDOWS\system32;C:\WINDOWS;C:\WINDOWS\System32\Wbem;C:\WINDOWS\System32\WindowsPowerShell\v1.0\;C:\WINDOWS\System32\OpenSSH\;C:\ProgramData\chocolatey\bin;C:\Program Files\Java\jdk-11.0.11\bin;;C:\Program Files\Docker\Docker\resources\bin;C:\Program Files\nodejs\;C:\Program Files\MySQL\MySQL Shell 8.0\bin\;C:\Users\rithi\AppData\Local\Microsoft\WindowsApps;;C:\Users\rithi\AppData\Local\Programs\Microsoft VS Code\bin;C:\Program Files\JetBrains\IntelliJ IDEA Community Edition 2020.2.3\bin;;C:\Program Files\JetBrains\IntelliJ IDEA 2022.2.2\bin;;C:\Program Files\JetBrains\JetBrains Rider 2022.2.3\bin;;C:\Users\rithi\AppData\Roaming\npm
USERNAME=rithi
OS=Windows_NT
PROCESSOR_IDENTIFIER=Intel64 Family 6 Model 126 Stepping 5, GenuineIntel



---------------  S Y S T E M  ---------------

OS: Windows 10 , 64 bit Build 22000 (10.0.22000.1335)
Hyper-V role detected

CPU:total 8 (initial active 8) (4 cores per cpu, 2 threads per core) family 6 model 126 stepping 5 microcode 0x86, cmov, cx8, fxsr, mmx, sse, sse2, sse3, ssse3, sse4.1, sse4.2, popcnt, avx, avx2, aes, clmul, erms, 3dnowpref, lzcnt, ht, tsc, tscinvbit, bmi1, bmi2, adx, evex, sha, fma

Memory: 4k page, system-wide physical 7987M (309M free)
TotalPageFile size 32563M (AvailPageFile size 16M)
current process WorkingSet (physical memory assigned to process): 182M, peak: 182M
current process commit charge ("private bytes"): 277M, peak: 303M

vm_info: Java HotSpot(TM) 64-Bit Server VM (11.0.11+9-LTS-194) for windows-amd64 JRE (11.0.11+9-LTS-194), built on Mar 18 2021 18:46:53 by "mach5one" with MS VC++ 15.9 (VS2017)

END.
