#
# There is insufficient memory for the Java Runtime Environment to continue.
# Native memory allocation (malloc) failed to allocate 32744 bytes for ChunkPool::allocate
# Possible reasons:
#   The system is out of physical RAM or swap space
#   The process is running with CompressedOops enabled, and the Java Heap may be blocking the growth of the native heap
# Possible solutions:
#   Reduce memory load on the system
#   Increase physical memory or swap space
#   Check if swap backing store is full
#   Decrease Java heap size (-Xmx/-Xms)
#   Decrease number of Java threads
#   Decrease Java thread stack sizes (-Xss)
#   Set larger code cache with -XX:ReservedCodeCacheSize=
#   JVM is running with Unscaled Compressed Oops mode in which the Java heap is
#     placed in the first 4GB address space. The Java Heap base address is the
#     maximum limit for the native heap growth. Please use -XX:HeapBaseMinAddress
#     to set the Java Heap base and to place the Java Heap above 4GB virtual address.
# This output file may be truncated or incomplete.
#
#  Out of Memory Error (./open/src/hotspot/share/memory/arena.cpp:81), pid=106648, tid=15112
#
# JRE version: Java(TM) SE Runtime Environment 18.9 (11.0.11+9) (build 11.0.11+9-LTS-194)
# Java VM: Java HotSpot(TM) 64-Bit Server VM 18.9 (11.0.11+9-LTS-194, mixed mode, tiered, compressed oops, g1 gc, windows-amd64)
# No core dump will be written. Minidumps are not enabled by default on client versions of Windows
#

---------------  S U M M A R Y ------------

Command Line: -javaagent:C:\Program Files\JetBrains\IntelliJ IDEA Community Edition 2022.3.2\lib\idea_rt.jar=51816:C:\Program Files\JetBrains\IntelliJ IDEA Community Edition 2022.3.2\bin -Dfile.encoding=UTF-8 com.lcwd.user.service.UserServiceApplication

Host: Intel(R) Core(TM) i5-1035G1 CPU @ 1.00GHz, 8 cores, 7G,  Windows 10 , 64 bit Build 22000 (10.0.22000.1335)
Time: Sun Feb 26 15:52:41 2023 India Standard Time elapsed time: 5.095580 seconds (0d 0h 0m 5s)

---------------  T H R E A D  ---------------

Current thread (0x0000025c7fc3e000):  JavaThread "C2 CompilerThread0" daemon [_thread_in_native, id=15112, stack(0x00000066a3c00000,0x00000066a3d00000)]


Current CompileTask:
C2:   5095 2551   !   4       jdk.internal.loader.BuiltinClassLoader::loadClassOrNull (143 bytes)

Stack: [0x00000066a3c00000,0x00000066a3d00000]
Native frames: (J=compiled Java code, j=interpreted, Vv=VM code, C=native code)
V  [jvm.dll+0x616f2a]
V  [jvm.dll+0x74de7f]
V  [jvm.dll+0x74f505]
V  [jvm.dll+0x74fb83]
V  [jvm.dll+0x2436d8]
V  [jvm.dll+0xbaa2b]
V  [jvm.dll+0xbad8c]
V  [jvm.dll+0x34ba08]
V  [jvm.dll+0x34aeb1]
V  [jvm.dll+0x34aef4]
V  [jvm.dll+0x5115dc]
V  [jvm.dll+0x511db2]
V  [jvm.dll+0x3140f2]
V  [jvm.dll+0x31340a]
V  [jvm.dll+0x1fd045]
V  [jvm.dll+0x1fc22f]
V  [jvm.dll+0x17f0bc]
V  [jvm.dll+0x20b68c]
V  [jvm.dll+0x20978b]
V  [jvm.dll+0x7152c9]
V  [jvm.dll+0x70dfc4]
V  [jvm.dll+0x6160f6]
C  [ucrtbase.dll+0x26c0c]
C  [KERNEL32.DLL+0x155a0]
C  [ntdll.dll+0x485b]


---------------  P R O C E S S  ---------------

Threads class SMR info:
_java_thread_list=0x0000025c1918c700, length=11, elements={
0x0000025c78378800, 0x0000025c7fc21000, 0x0000025c7fc2d000, 0x0000025c7fc3b800,
0x0000025c7fc3c800, 0x0000025c7fc3e000, 0x0000025c17c15800, 0x0000025c17c70000,
0x0000025c7fbb7000, 0x0000025c181c6000, 0x0000025c181c6800
}

Java Threads: ( => current thread )
  0x0000025c78378800 JavaThread "main" [_thread_in_vm, id=107444, stack(0x00000066a3100000,0x00000066a3200000)]
  0x0000025c7fc21000 JavaThread "Reference Handler" daemon [_thread_blocked, id=104620, stack(0x00000066a3800000,0x00000066a3900000)]
  0x0000025c7fc2d000 JavaThread "Finalizer" daemon [_thread_blocked, id=104140, stack(0x00000066a3900000,0x00000066a3a00000)]
  0x0000025c7fc3b800 JavaThread "Signal Dispatcher" daemon [_thread_blocked, id=106628, stack(0x00000066a3a00000,0x00000066a3b00000)]
  0x0000025c7fc3c800 JavaThread "Attach Listener" daemon [_thread_blocked, id=98464, stack(0x00000066a3b00000,0x00000066a3c00000)]
=>0x0000025c7fc3e000 JavaThread "C2 CompilerThread0" daemon [_thread_in_native, id=15112, stack(0x00000066a3c00000,0x00000066a3d00000)]
  0x0000025c17c15800 JavaThread "C1 CompilerThread0" daemon [_thread_blocked, id=105728, stack(0x00000066a3d00000,0x00000066a3e00000)]
  0x0000025c17c70000 JavaThread "Sweeper thread" daemon [_thread_blocked, id=106292, stack(0x00000066a3e00000,0x00000066a3f00000)]
  0x0000025c7fbb7000 JavaThread "Common-Cleaner" daemon [_thread_blocked, id=102680, stack(0x00000066a3f00000,0x00000066a4000000)]
  0x0000025c181c6000 JavaThread "Monitor Ctrl-Break" daemon [_thread_in_native, id=13684, stack(0x00000066a4000000,0x00000066a4100000)]
  0x0000025c181c6800 JavaThread "Service Thread" daemon [_thread_blocked, id=88464, stack(0x00000066a4100000,0x00000066a4200000)]

Other Threads:
  0x0000025c7fbfe000 VMThread "VM Thread" [stack: 0x00000066a3700000,0x00000066a3800000] [id=107044]
  0x0000025c181d0000 WatcherThread [stack: 0x00000066a4200000,0x00000066a4300000] [id=95728]
  0x0000025c7838d800 GCTaskThread "GC Thread#0" [stack: 0x00000066a3200000,0x00000066a3300000] [id=105596]
  0x0000025c185fb000 GCTaskThread "GC Thread#1" [stack: 0x00000066a4300000,0x00000066a4400000] [id=103844]
  0x0000025c1875e000 GCTaskThread "GC Thread#2" [stack: 0x00000066a4400000,0x00000066a4500000] [id=106600]
  0x0000025c18bec000 GCTaskThread "GC Thread#3" [stack: 0x00000066a4600000,0x00000066a4700000] [id=70276]
  0x0000025c783bf800 ConcurrentGCThread "G1 Main Marker" [stack: 0x00000066a3300000,0x00000066a3400000] [id=105712]
  0x0000025c783c1800 ConcurrentGCThread "G1 Conc#0" [stack: 0x00000066a3400000,0x00000066a3500000] [id=106460]
  0x0000025c18ae4800 ConcurrentGCThread "G1 Conc#1" [stack: 0x00000066a4700000,0x00000066a4800000] [id=101256]
  0x0000025c7843d800 ConcurrentGCThread "G1 Refine#0" [stack: 0x00000066a3500000,0x00000066a3600000] [id=75256]
  0x0000025c7843e800 ConcurrentGCThread "G1 Young RemSet Sampling" [stack: 0x00000066a3600000,0x00000066a3700000] [id=105760]

Threads with active compile tasks:
C2 CompilerThread0   5165 2551   !   4       jdk.internal.loader.BuiltinClassLoader::loadClassOrNull (143 bytes)

VM state:not at safepoint (normal execution)

VM Mutex/Monitor currently owned by a thread: None

Heap address: 0x0000000083200000, size: 1998 MB, Compressed Oops mode: 32-bit
Narrow klass base: 0x0000000000000000, Narrow klass shift: 3
Compressed class space size: 1073741824 Address: 0x0000000100000000

Heap:
 garbage-first heap   total 129024K, used 20638K [0x0000000083200000, 0x0000000100000000)
  region size 1024K, 15 young (15360K), 4 survivors (4096K)
 Metaspace       used 28782K, capacity 29491K, committed 29696K, reserved 1075200K
  class space    used 3258K, capacity 3544K, committed 3584K, reserved 1048576K
Heap Regions: E=young(eden), S=young(survivor), O=old, HS=humongous(starts), HC=humongous(continues), CS=collection set, F=free, A=archive, TAMS=top-at-mark-start (previous, next)
|   0|0x0000000083200000, 0x0000000083300000, 0x0000000083300000|100%|HS|  |TAMS 0x0000000083300000, 0x0000000083200000| Complete 
|   1|0x0000000083300000, 0x0000000083400000, 0x0000000083400000|100%| O|  |TAMS 0x0000000083400000, 0x0000000083300000| Untracked 
|   2|0x0000000083400000, 0x0000000083500000, 0x0000000083500000|100%| O|  |TAMS 0x0000000083500000, 0x0000000083400000| Untracked 
|   3|0x0000000083500000, 0x0000000083600000, 0x0000000083600000|100%| O|  |TAMS 0x000000008356d600, 0x0000000083500000| Untracked 
|   4|0x0000000083600000, 0x0000000083700000, 0x0000000083700000|100%| O|  |TAMS 0x0000000083600000, 0x0000000083600000| Untracked 
|   5|0x0000000083700000, 0x0000000083800000, 0x0000000083800000|100%| O|  |TAMS 0x0000000083700000, 0x0000000083700000| Untracked 
|   6|0x0000000083800000, 0x0000000083827a00, 0x0000000083900000| 15%| O|  |TAMS 0x0000000083800000, 0x0000000083800000| Untracked 
|   7|0x0000000083900000, 0x0000000083900000, 0x0000000083a00000|  0%| F|  |TAMS 0x0000000083900000, 0x0000000083900000| Untracked 
|   8|0x0000000083a00000, 0x0000000083a00000, 0x0000000083b00000|  0%| F|  |TAMS 0x0000000083a00000, 0x0000000083a00000| Untracked 
|   9|0x0000000083b00000, 0x0000000083b00000, 0x0000000083c00000|  0%| F|  |TAMS 0x0000000083b00000, 0x0000000083b00000| Untracked 
|  10|0x0000000083c00000, 0x0000000083c00000, 0x0000000083d00000|  0%| F|  |TAMS 0x0000000083c00000, 0x0000000083c00000| Untracked 
|  11|0x0000000083d00000, 0x0000000083d00000, 0x0000000083e00000|  0%| F|  |TAMS 0x0000000083d00000, 0x0000000083d00000| Untracked 
|  12|0x0000000083e00000, 0x0000000083e00000, 0x0000000083f00000|  0%| F|  |TAMS 0x0000000083e00000, 0x0000000083e00000| Untracked 
|  13|0x0000000083f00000, 0x0000000083f00000, 0x0000000084000000|  0%| F|  |TAMS 0x0000000083f00000, 0x0000000083f00000| Untracked 
|  14|0x0000000084000000, 0x0000000084000000, 0x0000000084100000|  0%| F|  |TAMS 0x0000000084000000, 0x0000000084000000| Untracked 
|  15|0x0000000084100000, 0x0000000084100000, 0x0000000084200000|  0%| F|  |TAMS 0x0000000084100000, 0x0000000084100000| Untracked 
|  16|0x0000000084200000, 0x0000000084200000, 0x0000000084300000|  0%| F|  |TAMS 0x0000000084200000, 0x0000000084200000| Untracked 
|  17|0x0000000084300000, 0x0000000084300000, 0x0000000084400000|  0%| F|  |TAMS 0x0000000084300000, 0x0000000084300000| Untracked 
|  18|0x0000000084400000, 0x0000000084400000, 0x0000000084500000|  0%| F|  |TAMS 0x0000000084400000, 0x0000000084400000| Untracked 
|  19|0x0000000084500000, 0x0000000084500000, 0x0000000084600000|  0%| F|  |TAMS 0x0000000084500000, 0x0000000084500000| Untracked 
|  20|0x0000000084600000, 0x0000000084600000, 0x0000000084700000|  0%| F|  |TAMS 0x0000000084600000, 0x0000000084600000| Untracked 
|  21|0x0000000084700000, 0x0000000084700000, 0x0000000084800000|  0%| F|  |TAMS 0x0000000084700000, 0x0000000084700000| Untracked 
|  22|0x0000000084800000, 0x0000000084800000, 0x0000000084900000|  0%| F|  |TAMS 0x0000000084800000, 0x0000000084800000| Untracked 
|  23|0x0000000084900000, 0x0000000084900000, 0x0000000084a00000|  0%| F|  |TAMS 0x0000000084900000, 0x0000000084900000| Untracked 
|  24|0x0000000084a00000, 0x0000000084a00000, 0x0000000084b00000|  0%| F|  |TAMS 0x0000000084a00000, 0x0000000084a00000| Untracked 
|  25|0x0000000084b00000, 0x0000000084b00000, 0x0000000084c00000|  0%| F|  |TAMS 0x0000000084b00000, 0x0000000084b00000| Untracked 
|  26|0x0000000084c00000, 0x0000000084c00000, 0x0000000084d00000|  0%| F|  |TAMS 0x0000000084c00000, 0x0000000084c00000| Untracked 
|  27|0x0000000084d00000, 0x0000000084d00000, 0x0000000084e00000|  0%| F|  |TAMS 0x0000000084d00000, 0x0000000084d00000| Untracked 
|  28|0x0000000084e00000, 0x0000000084e00000, 0x0000000084f00000|  0%| F|  |TAMS 0x0000000084e00000, 0x0000000084e00000| Untracked 
|  29|0x0000000084f00000, 0x0000000084f00000, 0x0000000085000000|  0%| F|  |TAMS 0x0000000084f00000, 0x0000000084f00000| Untracked 
|  30|0x0000000085000000, 0x0000000085000000, 0x0000000085100000|  0%| F|  |TAMS 0x0000000085000000, 0x0000000085000000| Untracked 
|  31|0x0000000085100000, 0x0000000085100000, 0x0000000085200000|  0%| F|  |TAMS 0x0000000085100000, 0x0000000085100000| Untracked 
|  32|0x0000000085200000, 0x0000000085200000, 0x0000000085300000|  0%| F|  |TAMS 0x0000000085200000, 0x0000000085200000| Untracked 
|  33|0x0000000085300000, 0x0000000085300000, 0x0000000085400000|  0%| F|  |TAMS 0x0000000085300000, 0x0000000085300000| Untracked 
|  34|0x0000000085400000, 0x0000000085400000, 0x0000000085500000|  0%| F|  |TAMS 0x0000000085400000, 0x0000000085400000| Untracked 
|  35|0x0000000085500000, 0x0000000085500000, 0x0000000085600000|  0%| F|  |TAMS 0x0000000085500000, 0x0000000085500000| Untracked 
|  36|0x0000000085600000, 0x0000000085600000, 0x0000000085700000|  0%| F|  |TAMS 0x0000000085600000, 0x0000000085600000| Untracked 
|  37|0x0000000085700000, 0x0000000085700000, 0x0000000085800000|  0%| F|  |TAMS 0x0000000085700000, 0x0000000085700000| Untracked 
|  38|0x0000000085800000, 0x0000000085800000, 0x0000000085900000|  0%| F|  |TAMS 0x0000000085800000, 0x0000000085800000| Untracked 
|  39|0x0000000085900000, 0x0000000085900000, 0x0000000085a00000|  0%| F|  |TAMS 0x0000000085900000, 0x0000000085900000| Untracked 
|  40|0x0000000085a00000, 0x0000000085a00000, 0x0000000085b00000|  0%| F|  |TAMS 0x0000000085a00000, 0x0000000085a00000| Untracked 
|  41|0x0000000085b00000, 0x0000000085b00000, 0x0000000085c00000|  0%| F|  |TAMS 0x0000000085b00000, 0x0000000085b00000| Untracked 
|  42|0x0000000085c00000, 0x0000000085c00000, 0x0000000085d00000|  0%| F|  |TAMS 0x0000000085c00000, 0x0000000085c00000| Untracked 
|  43|0x0000000085d00000, 0x0000000085d00000, 0x0000000085e00000|  0%| F|  |TAMS 0x0000000085d00000, 0x0000000085d00000| Untracked 
|  44|0x0000000085e00000, 0x0000000085e00000, 0x0000000085f00000|  0%| F|  |TAMS 0x0000000085e00000, 0x0000000085e00000| Untracked 
|  45|0x0000000085f00000, 0x0000000085f00000, 0x0000000086000000|  0%| F|  |TAMS 0x0000000085f00000, 0x0000000085f00000| Untracked 
|  46|0x0000000086000000, 0x0000000086000000, 0x0000000086100000|  0%| F|  |TAMS 0x0000000086000000, 0x0000000086000000| Untracked 
|  47|0x0000000086100000, 0x0000000086100000, 0x0000000086200000|  0%| F|  |TAMS 0x0000000086100000, 0x0000000086100000| Untracked 
|  48|0x0000000086200000, 0x0000000086200000, 0x0000000086300000|  0%| F|  |TAMS 0x0000000086200000, 0x0000000086200000| Untracked 
|  49|0x0000000086300000, 0x0000000086300000, 0x0000000086400000|  0%| F|  |TAMS 0x0000000086300000, 0x0000000086300000| Untracked 
|  50|0x0000000086400000, 0x0000000086400000, 0x0000000086500000|  0%| F|  |TAMS 0x0000000086400000, 0x0000000086400000| Untracked 
|  51|0x0000000086500000, 0x0000000086500000, 0x0000000086600000|  0%| F|  |TAMS 0x0000000086500000, 0x0000000086500000| Untracked 
|  52|0x0000000086600000, 0x0000000086600000, 0x0000000086700000|  0%| F|  |TAMS 0x0000000086600000, 0x0000000086600000| Untracked 
|  53|0x0000000086700000, 0x0000000086700000, 0x0000000086800000|  0%| F|  |TAMS 0x0000000086700000, 0x0000000086700000| Untracked 
|  54|0x0000000086800000, 0x0000000086800000, 0x0000000086900000|  0%| F|  |TAMS 0x0000000086800000, 0x0000000086800000| Untracked 
|  55|0x0000000086900000, 0x0000000086900000, 0x0000000086a00000|  0%| F|  |TAMS 0x0000000086900000, 0x0000000086900000| Untracked 
|  56|0x0000000086a00000, 0x0000000086a00000, 0x0000000086b00000|  0%| F|  |TAMS 0x0000000086a00000, 0x0000000086a00000| Untracked 
|  57|0x0000000086b00000, 0x0000000086b00000, 0x0000000086c00000|  0%| F|  |TAMS 0x0000000086b00000, 0x0000000086b00000| Untracked 
|  58|0x0000000086c00000, 0x0000000086c00000, 0x0000000086d00000|  0%| F|  |TAMS 0x0000000086c00000, 0x0000000086c00000| Untracked 
|  59|0x0000000086d00000, 0x0000000086d00000, 0x0000000086e00000|  0%| F|  |TAMS 0x0000000086d00000, 0x0000000086d00000| Untracked 
|  60|0x0000000086e00000, 0x0000000086e00000, 0x0000000086f00000|  0%| F|  |TAMS 0x0000000086e00000, 0x0000000086e00000| Untracked 
|  61|0x0000000086f00000, 0x0000000086f00000, 0x0000000087000000|  0%| F|  |TAMS 0x0000000086f00000, 0x0000000086f00000| Untracked 
|  62|0x0000000087000000, 0x0000000087000000, 0x0000000087100000|  0%| F|  |TAMS 0x0000000087000000, 0x0000000087000000| Untracked 
|  63|0x0000000087100000, 0x0000000087100000, 0x0000000087200000|  0%| F|  |TAMS 0x0000000087100000, 0x0000000087100000| Untracked 
|  64|0x0000000087200000, 0x0000000087300000, 0x0000000087300000|100%| S|CS|TAMS 0x0000000087200000, 0x0000000087200000| Complete 
|  65|0x0000000087300000, 0x0000000087400000, 0x0000000087400000|100%| S|CS|TAMS 0x0000000087300000, 0x0000000087300000| Complete 
|  66|0x0000000087400000, 0x0000000087500000, 0x0000000087500000|100%| S|CS|TAMS 0x0000000087400000, 0x0000000087400000| Complete 
|  67|0x0000000087500000, 0x0000000087600000, 0x0000000087600000|100%| S|CS|TAMS 0x0000000087500000, 0x0000000087500000| Complete 
|  68|0x0000000087600000, 0x0000000087600000, 0x0000000087700000|  0%| F|  |TAMS 0x0000000087600000, 0x0000000087600000| Untracked 
|  69|0x0000000087700000, 0x0000000087700000, 0x0000000087800000|  0%| F|  |TAMS 0x0000000087700000, 0x0000000087700000| Untracked 
|  70|0x0000000087800000, 0x0000000087800000, 0x0000000087900000|  0%| F|  |TAMS 0x0000000087800000, 0x0000000087800000| Untracked 
|  71|0x0000000087900000, 0x0000000087900000, 0x0000000087a00000|  0%| F|  |TAMS 0x0000000087900000, 0x0000000087900000| Untracked 
|  72|0x0000000087a00000, 0x0000000087a00000, 0x0000000087b00000|  0%| F|  |TAMS 0x0000000087a00000, 0x0000000087a00000| Untracked 
|  73|0x0000000087b00000, 0x0000000087b00000, 0x0000000087c00000|  0%| F|  |TAMS 0x0000000087b00000, 0x0000000087b00000| Untracked 
|  74|0x0000000087c00000, 0x0000000087c00000, 0x0000000087d00000|  0%| F|  |TAMS 0x0000000087c00000, 0x0000000087c00000| Untracked 
|  75|0x0000000087d00000, 0x0000000087d00000, 0x0000000087e00000|  0%| F|  |TAMS 0x0000000087d00000, 0x0000000087d00000| Untracked 
|  76|0x0000000087e00000, 0x0000000087e00000, 0x0000000087f00000|  0%| F|  |TAMS 0x0000000087e00000, 0x0000000087e00000| Untracked 
|  77|0x0000000087f00000, 0x0000000087f00000, 0x0000000088000000|  0%| F|  |TAMS 0x0000000087f00000, 0x0000000087f00000| Untracked 
|  78|0x0000000088000000, 0x0000000088000000, 0x0000000088100000|  0%| F|  |TAMS 0x0000000088000000, 0x0000000088000000| Untracked 
|  79|0x0000000088100000, 0x0000000088100000, 0x0000000088200000|  0%| F|  |TAMS 0x0000000088100000, 0x0000000088100000| Untracked 
|  80|0x0000000088200000, 0x0000000088200000, 0x0000000088300000|  0%| F|  |TAMS 0x0000000088200000, 0x0000000088200000| Untracked 
|  81|0x0000000088300000, 0x0000000088300000, 0x0000000088400000|  0%| F|  |TAMS 0x0000000088300000, 0x0000000088300000| Untracked 
|  82|0x0000000088400000, 0x0000000088400000, 0x0000000088500000|  0%| F|  |TAMS 0x0000000088400000, 0x0000000088400000| Untracked 
|  83|0x0000000088500000, 0x0000000088500000, 0x0000000088600000|  0%| F|  |TAMS 0x0000000088500000, 0x0000000088500000| Untracked 
|  84|0x0000000088600000, 0x0000000088600000, 0x0000000088700000|  0%| F|  |TAMS 0x0000000088600000, 0x0000000088600000| Untracked 
|  85|0x0000000088700000, 0x0000000088700000, 0x0000000088800000|  0%| F|  |TAMS 0x0000000088700000, 0x0000000088700000| Untracked 
|  86|0x0000000088800000, 0x0000000088800000, 0x0000000088900000|  0%| F|  |TAMS 0x0000000088800000, 0x0000000088800000| Untracked 
|  87|0x0000000088900000, 0x0000000088900000, 0x0000000088a00000|  0%| F|  |TAMS 0x0000000088900000, 0x0000000088900000| Untracked 
|  88|0x0000000088a00000, 0x0000000088a00000, 0x0000000088b00000|  0%| F|  |TAMS 0x0000000088a00000, 0x0000000088a00000| Untracked 
|  89|0x0000000088b00000, 0x0000000088b00000, 0x0000000088c00000|  0%| F|  |TAMS 0x0000000088b00000, 0x0000000088b00000| Untracked 
|  90|0x0000000088c00000, 0x0000000088c00000, 0x0000000088d00000|  0%| F|  |TAMS 0x0000000088c00000, 0x0000000088c00000| Untracked 
|  91|0x0000000088d00000, 0x0000000088d00000, 0x0000000088e00000|  0%| F|  |TAMS 0x0000000088d00000, 0x0000000088d00000| Untracked 
|  92|0x0000000088e00000, 0x0000000088e00000, 0x0000000088f00000|  0%| F|  |TAMS 0x0000000088e00000, 0x0000000088e00000| Untracked 
|  93|0x0000000088f00000, 0x0000000088f00000, 0x0000000089000000|  0%| F|  |TAMS 0x0000000088f00000, 0x0000000088f00000| Untracked 
|  94|0x0000000089000000, 0x0000000089000000, 0x0000000089100000|  0%| F|  |TAMS 0x0000000089000000, 0x0000000089000000| Untracked 
|  95|0x0000000089100000, 0x0000000089100000, 0x0000000089200000|  0%| F|  |TAMS 0x0000000089100000, 0x0000000089100000| Untracked 
|  96|0x0000000089200000, 0x0000000089200000, 0x0000000089300000|  0%| F|  |TAMS 0x0000000089200000, 0x0000000089200000| Untracked 
|  97|0x0000000089300000, 0x0000000089300000, 0x0000000089400000|  0%| F|  |TAMS 0x0000000089300000, 0x0000000089300000| Untracked 
|  98|0x0000000089400000, 0x0000000089400000, 0x0000000089500000|  0%| F|  |TAMS 0x0000000089400000, 0x0000000089400000| Untracked 
|  99|0x0000000089500000, 0x0000000089500000, 0x0000000089600000|  0%| F|  |TAMS 0x0000000089500000, 0x0000000089500000| Untracked 
| 100|0x0000000089600000, 0x0000000089600000, 0x0000000089700000|  0%| F|  |TAMS 0x0000000089600000, 0x0000000089600000| Untracked 
| 101|0x0000000089700000, 0x0000000089700000, 0x0000000089800000|  0%| F|  |TAMS 0x0000000089700000, 0x0000000089700000| Untracked 
| 102|0x0000000089800000, 0x0000000089800000, 0x0000000089900000|  0%| F|  |TAMS 0x0000000089800000, 0x0000000089800000| Untracked 
| 103|0x0000000089900000, 0x0000000089900000, 0x0000000089a00000|  0%| F|  |TAMS 0x0000000089900000, 0x0000000089900000| Untracked 
| 104|0x0000000089a00000, 0x0000000089a00000, 0x0000000089b00000|  0%| F|  |TAMS 0x0000000089a00000, 0x0000000089a00000| Untracked 
| 105|0x0000000089b00000, 0x0000000089b00000, 0x0000000089c00000|  0%| F|  |TAMS 0x0000000089b00000, 0x0000000089b00000| Untracked 
| 106|0x0000000089c00000, 0x0000000089c00000, 0x0000000089d00000|  0%| F|  |TAMS 0x0000000089c00000, 0x0000000089c00000| Untracked 
| 107|0x0000000089d00000, 0x0000000089d00000, 0x0000000089e00000|  0%| F|  |TAMS 0x0000000089d00000, 0x0000000089d00000| Untracked 
| 108|0x0000000089e00000, 0x0000000089e00000, 0x0000000089f00000|  0%| F|  |TAMS 0x0000000089e00000, 0x0000000089e00000| Untracked 
| 109|0x0000000089f00000, 0x0000000089f00000, 0x000000008a000000|  0%| F|  |TAMS 0x0000000089f00000, 0x0000000089f00000| Untracked 
| 110|0x000000008a000000, 0x000000008a000000, 0x000000008a100000|  0%| F|  |TAMS 0x000000008a000000, 0x000000008a000000| Untracked 
| 111|0x000000008a100000, 0x000000008a100000, 0x000000008a200000|  0%| F|  |TAMS 0x000000008a100000, 0x000000008a100000| Untracked 
| 112|0x000000008a200000, 0x000000008a200000, 0x000000008a300000|  0%| F|  |TAMS 0x000000008a200000, 0x000000008a200000| Untracked 
| 113|0x000000008a300000, 0x000000008a300000, 0x000000008a400000|  0%| F|  |TAMS 0x000000008a300000, 0x000000008a300000| Untracked 
| 114|0x000000008a400000, 0x000000008a400000, 0x000000008a500000|  0%| F|  |TAMS 0x000000008a400000, 0x000000008a400000| Untracked 
| 115|0x000000008a500000, 0x000000008a600000, 0x000000008a600000|100%| E|  |TAMS 0x000000008a500000, 0x000000008a500000| Complete 
| 116|0x000000008a600000, 0x000000008a700000, 0x000000008a700000|100%| E|CS|TAMS 0x000000008a600000, 0x000000008a600000| Complete 
| 117|0x000000008a700000, 0x000000008a800000, 0x000000008a800000|100%| E|CS|TAMS 0x000000008a700000, 0x000000008a700000| Complete 
| 118|0x000000008a800000, 0x000000008a900000, 0x000000008a900000|100%| E|CS|TAMS 0x000000008a800000, 0x000000008a800000| Complete 
| 119|0x000000008a900000, 0x000000008aa00000, 0x000000008aa00000|100%| E|CS|TAMS 0x000000008a900000, 0x000000008a900000| Complete 
| 120|0x000000008aa00000, 0x000000008ab00000, 0x000000008ab00000|100%| E|CS|TAMS 0x000000008aa00000, 0x000000008aa00000| Complete 
| 121|0x000000008ab00000, 0x000000008ac00000, 0x000000008ac00000|100%| E|CS|TAMS 0x000000008ab00000, 0x000000008ab00000| Complete 
| 122|0x000000008ac00000, 0x000000008ad00000, 0x000000008ad00000|100%| E|CS|TAMS 0x000000008ac00000, 0x000000008ac00000| Complete 
| 123|0x000000008ad00000, 0x000000008ae00000, 0x000000008ae00000|100%| E|CS|TAMS 0x000000008ad00000, 0x000000008ad00000| Complete 
| 124|0x000000008ae00000, 0x000000008af00000, 0x000000008af00000|100%| E|CS|TAMS 0x000000008ae00000, 0x000000008ae00000| Complete 
| 125|0x000000008af00000, 0x000000008b000000, 0x000000008b000000|100%| E|CS|TAMS 0x000000008af00000, 0x000000008af00000| Complete 

Card table byte_map: [0x0000025c78b60000,0x0000025c78f50000] _byte_map_base: 0x0000025c78747000

Marking Bits (Prev, Next): (CMBitMap*) 0x0000025c783b6ff0, (CMBitMap*) 0x0000025c783b6fb8
 Prev Bits: [0x0000025c7b280000, 0x0000025c7d1b8000)
 Next Bits: [0x0000025c79340000, 0x0000025c7b278000)

Polling page: 0x0000025c76350000

Metaspace:

Usage:
  Non-class:     25.34 MB capacity,    24.93 MB ( 98%) used,   333.64 KB (  1%) free+waste,    82.50 KB ( <1%) overhead. 
      Class:      3.46 MB capacity,     3.18 MB ( 92%) used,   244.65 KB (  7%) free+waste,    39.88 KB (  1%) overhead. 
       Both:     28.80 MB capacity,    28.12 MB ( 98%) used,   578.29 KB (  2%) free+waste,   122.38 KB ( <1%) overhead. 

Virtual space:
  Non-class space:       26.00 MB reserved,      25.50 MB ( 98%) committed 
      Class space:        1.00 GB reserved,       3.50 MB ( <1%) committed 
             Both:        1.03 GB reserved,      29.00 MB (  3%) committed 

Chunk freelists:
   Non-Class:  4.63 KB
       Class:  1.00 KB
        Both:  5.63 KB

CodeHeap 'non-profiled nmethods': size=120000Kb used=991Kb max_used=991Kb free=119008Kb
 bounds [0x0000025c0fea0000, 0x0000025c10110000, 0x0000025c173d0000]
CodeHeap 'profiled nmethods': size=120000Kb used=5905Kb max_used=5905Kb free=114094Kb
 bounds [0x0000025c08970000, 0x0000025c08f40000, 0x0000025c0fea0000]
CodeHeap 'non-nmethods': size=5760Kb used=1134Kb max_used=1157Kb free=4625Kb
 bounds [0x0000025c083d0000, 0x0000025c08640000, 0x0000025c08970000]
 total_blobs=3192 nmethods=2751 adapters=352
 compilation: enabled
              stopped_count=0, restarted_count=0
 full_count=0

Compilation events (10 events):
Event: 5.079 Thread 0x0000025c17c15800 2723       3       java.lang.invoke.InfoFromMemberName::<init> (72 bytes)
Event: 5.079 Thread 0x0000025c17c15800 nmethod 2723 0x0000025c08f17390 code [0x0000025c08f17540, 0x0000025c08f17718]
Event: 5.079 Thread 0x0000025c17c15800 2724       3       java.lang.invoke.AbstractValidatingLambdaMetafactory::isAdaptableToAsReturn (36 bytes)
Event: 5.079 Thread 0x0000025c17c15800 nmethod 2724 0x0000025c08f17810 code [0x0000025c08f179e0, 0x0000025c08f17e68]
Event: 5.079 Thread 0x0000025c17c15800 2726       3       java.lang.invoke.AbstractValidatingLambdaMetafactory::isAdaptableToAsReturnStrict (34 bytes)
Event: 5.080 Thread 0x0000025c17c15800 nmethod 2726 0x0000025c08f17f90 code [0x0000025c08f18160, 0x0000025c08f186e8]
Event: 5.080 Thread 0x0000025c17c15800 2727       1       org.springframework.context.annotation.ConfigurationClass::getResource (5 bytes)
Event: 5.080 Thread 0x0000025c17c15800 nmethod 2727 0x0000025c0ff97210 code [0x0000025c0ff973a0, 0x0000025c0ff97458]
Event: 5.080 Thread 0x0000025c17c15800 2728       1       org.springframework.core.type.classreading.SimpleMethodMetadata::getMethodName (5 bytes)
Event: 5.080 Thread 0x0000025c17c15800 nmethod 2728 0x0000025c0ff97510 code [0x0000025c0ff976a0, 0x0000025c0ff97758]

GC Heap History (8 events):
Event: 1.716 GC heap before
{Heap before GC invocations=0 (full 0):
 garbage-first heap   total 129024K, used 24576K [0x0000000083200000, 0x0000000100000000)
  region size 1024K, 24 young (24576K), 0 survivors (0K)
 Metaspace       used 11835K, capacity 12068K, committed 12288K, reserved 1060864K
  class space    used 1141K, capacity 1218K, committed 1280K, reserved 1048576K
}
Event: 1.727 GC heap after
{Heap after GC invocations=1 (full 0):
 garbage-first heap   total 129024K, used 6581K [0x0000000083200000, 0x0000000100000000)
  region size 1024K, 3 young (3072K), 3 survivors (3072K)
 Metaspace       used 11835K, capacity 12068K, committed 12288K, reserved 1060864K
  class space    used 1141K, capacity 1218K, committed 1280K, reserved 1048576K
}
Event: 3.019 GC heap before
{Heap before GC invocations=1 (full 0):
 garbage-first heap   total 129024K, used 47541K [0x0000000083200000, 0x0000000100000000)
  region size 1024K, 45 young (46080K), 3 survivors (3072K)
 Metaspace       used 20630K, capacity 21146K, committed 21248K, reserved 1069056K
  class space    used 2254K, capacity 2473K, committed 2560K, reserved 1048576K
}
Event: 3.031 GC heap after
{Heap after GC invocations=2 (full 0):
 garbage-first heap   total 129024K, used 8200K [0x0000000083200000, 0x0000000100000000)
  region size 1024K, 5 young (5120K), 5 survivors (5120K)
 Metaspace       used 20630K, capacity 21146K, committed 21248K, reserved 1069056K
  class space    used 2254K, capacity 2473K, committed 2560K, reserved 1048576K
}
Event: 3.636 GC heap before
{Heap before GC invocations=3 (full 0):
 garbage-first heap   total 129024K, used 45064K [0x0000000083200000, 0x0000000100000000)
  region size 1024K, 42 young (43008K), 5 survivors (5120K)
 Metaspace       used 25105K, capacity 25718K, committed 25856K, reserved 1073152K
  class space    used 2834K, capacity 3065K, committed 3072K, reserved 1048576K
}
Event: 3.644 GC heap after
{Heap after GC invocations=4 (full 0):
 garbage-first heap   total 129024K, used 9265K [0x0000000083200000, 0x0000000100000000)
  region size 1024K, 3 young (3072K), 3 survivors (3072K)
 Metaspace       used 25105K, capacity 25718K, committed 25856K, reserved 1073152K
  class space    used 2834K, capacity 3065K, committed 3072K, reserved 1048576K
}
Event: 4.704 GC heap before
{Heap before GC invocations=4 (full 0):
 garbage-first heap   total 129024K, used 64561K [0x0000000083200000, 0x0000000100000000)
  region size 1024K, 58 young (59392K), 3 survivors (3072K)
 Metaspace       used 27470K, capacity 28165K, committed 28288K, reserved 1075200K
  class space    used 3087K, capacity 3359K, committed 3456K, reserved 1048576K
}
Event: 4.715 GC heap after
{Heap after GC invocations=5 (full 0):
 garbage-first heap   total 129024K, used 10398K [0x0000000083200000, 0x0000000100000000)
  region size 1024K, 4 young (4096K), 4 survivors (4096K)
 Metaspace       used 27470K, capacity 28165K, committed 28288K, reserved 1075200K
  class space    used 3087K, capacity 3359K, committed 3456K, reserved 1048576K
}

Deoptimization events (10 events):
Event: 3.887 Thread 0x0000025c78378800 Uncommon trap: reason=bimorphic_or_optimized_type_check action=maybe_recompile pc=0x0000025c0ff3628c method=java.util.HashMap.putVal(ILjava/lang/Object;Ljava/lang/Object;ZZ)Ljava/lang/Object; @ 203 c2
Event: 3.918 Thread 0x0000025c78378800 Uncommon trap: reason=bimorphic_or_optimized_type_check action=maybe_recompile pc=0x0000025c0ff3628c method=java.util.HashMap.putVal(ILjava/lang/Object;Ljava/lang/Object;ZZ)Ljava/lang/Object; @ 203 c2
Event: 4.025 Thread 0x0000025c78378800 Uncommon trap: reason=bimorphic_or_optimized_type_check action=maybe_recompile pc=0x0000025c0ff3be10 method=java.util.HashMap.getNode(ILjava/lang/Object;)Ljava/util/HashMap$Node; @ 126 c2
Event: 4.417 Thread 0x0000025c78378800 Uncommon trap: reason=intrinsic_or_type_checked_inlining action=make_not_entrant pc=0x0000025c0ff7db78 method=java.util.Arrays.copyOf([Ljava/lang/Object;ILjava/lang/Class;)[Ljava/lang/Object; @ 35 c2
Event: 4.479 Thread 0x0000025c78378800 Uncommon trap: reason=intrinsic_or_type_checked_inlining action=make_not_entrant pc=0x0000025c0ff7fce4 method=java.util.ArrayList.toArray([Ljava/lang/Object;)[Ljava/lang/Object; @ 36 c2
Event: 4.498 Thread 0x0000025c78378800 Uncommon trap: reason=class_check action=maybe_recompile pc=0x0000025c0fea98dc method=java.lang.String.equals(Ljava/lang/Object;)Z @ 8 c2
Event: 4.498 Thread 0x0000025c78378800 Uncommon trap: reason=class_check action=maybe_recompile pc=0x0000025c0fea98dc method=java.lang.String.equals(Ljava/lang/Object;)Z @ 8 c2
Event: 4.498 Thread 0x0000025c78378800 Uncommon trap: reason=class_check action=maybe_recompile pc=0x0000025c0fea98dc method=java.lang.String.equals(Ljava/lang/Object;)Z @ 8 c2
Event: 4.500 Thread 0x0000025c78378800 Uncommon trap: reason=class_check action=maybe_recompile pc=0x0000025c0fea98dc method=java.lang.String.equals(Ljava/lang/Object;)Z @ 8 c2
Event: 4.741 Thread 0x0000025c78378800 Uncommon trap: reason=unstable_if action=reinterpret pc=0x0000025c0ff3749c method=java.util.Arrays.equals([Ljava/lang/Object;[Ljava/lang/Object;)Z @ 44 c2

Classes redefined (0 events):
No events

Internal exceptions (10 events):
Event: 3.405 Thread 0x0000025c78378800 Exception <a 'java/lang/ClassNotFoundException'{0x0000000089f3e110}: org/springframework/beans/factory/AwareCustomizer> (0x0000000089f3e110) thrown at [./open/src/hotspot/share/classfile/systemDictionary.cpp, line 228]
Event: 3.459 Thread 0x0000025c78378800 Exception <a 'java/lang/NoSuchMethodError'{0x0000000089c9e258}: java.lang.invoke.DirectMethodHandle$Holder.invokeVirtual(Ljava/lang/Object;Ljava/lang/Object;Ljava/lang/Object;)Ljava/lang/Object;> (0x0000000089c9e258) thrown at [./open/src/hotspot/share/in
Event: 3.485 Thread 0x0000025c18bcf800 Exception <a 'java/lang/NoSuchMethodError'{0x0000000089b76660}: java.lang.invoke.DirectMethodHandle$Holder.invokeSpecial(Ljava/lang/Object;Ljava/lang/Object;)J> (0x0000000089b76660) thrown at [./open/src/hotspot/share/interpreter/linkResolver.cpp, line 77
Event: 3.487 Thread 0x0000025c18bcf800 Exception <a 'java/lang/NoSuchMethodError'{0x0000000089b80a10}: java.lang.invoke.DirectMethodHandle$Holder.invokeStatic(Ljava/lang/Object;Ljava/lang/Object;)J> (0x0000000089b80a10) thrown at [./open/src/hotspot/share/interpreter/linkResolver.cpp, line 772
Event: 3.487 Thread 0x0000025c18bcf800 Exception <a 'java/lang/NoSuchMethodError'{0x0000000089b83838}: java.lang.invoke.DirectMethodHandle$Holder.invokeStaticInit(Ljava/lang/Object;Ljava/lang/Object;)J> (0x0000000089b83838) thrown at [./open/src/hotspot/share/interpreter/linkResolver.cpp, line
Event: 3.490 Thread 0x0000025c18bcf800 Exception <a 'java/lang/NoSuchMethodError'{0x0000000089b8fcf8}: java.lang.invoke.DirectMethodHandle$Holder.invokeInterface(Ljava/lang/Object;Ljava/lang/Object;)J> (0x0000000089b8fcf8) thrown at [./open/src/hotspot/share/interpreter/linkResolver.cpp, line 
Event: 3.490 Thread 0x0000025c18bcf800 Exception <a 'java/lang/IncompatibleClassChangeError'{0x0000000089b92a90}: Found class java.lang.Object, but interface was expected> (0x0000000089b92a90) thrown at [./open/src/hotspot/share/interpreter/linkResolver.cpp, line 838]
Event: 3.517 Thread 0x0000025c18bcf800 Exception <a 'java/lang/NoSuchMethodError'{0x0000000089927410}: java.lang.invoke.DirectMethodHandle$Holder.invokeVirtual(Ljava/lang/Object;Ljava/lang/Object;Ljava/lang/Object;Ljava/lang/Object;)Ljava/lang/Object;> (0x0000000089927410) thrown at [./open/sr
Event: 3.747 Thread 0x0000025c78378800 Exception <a 'java/lang/IncompatibleClassChangeError'{0x00000000891311b0}: Found class java.lang.Object, but interface was expected> (0x00000000891311b0) thrown at [./open/src/hotspot/share/interpreter/linkResolver.cpp, line 838]
Event: 3.837 Thread 0x0000025c78378800 Exception <a 'java/lang/NoSuchMethodError'{0x00000000890e8f88}: java.lang.invoke.DirectMethodHandle$Holder.invokeInterface(Ljava/lang/Object;Ljava/lang/Object;Ljava/lang/Object;Ljava/lang/Object;)V> (0x00000000890e8f88) thrown at [./open/src/hotspot/share

Events (10 events):
Event: 5.080 loading class org/springframework/boot/autoconfigure/jsonb/JsonbAutoConfiguration
Event: 5.080 loading class org/springframework/boot/autoconfigure/jsonb/JsonbAutoConfiguration done
Event: 5.081 loading class org/springframework/boot/autoconfigure/http/JacksonHttpMessageConvertersConfiguration
Event: 5.081 loading class org/springframework/boot/autoconfigure/http/JacksonHttpMessageConvertersConfiguration done
Event: 5.081 loading class org/springframework/boot/autoconfigure/http/GsonHttpMessageConvertersConfiguration
Event: 5.081 loading class org/springframework/boot/autoconfigure/http/GsonHttpMessageConvertersConfiguration done
Event: 5.082 loading class org/springframework/boot/autoconfigure/http/JsonbHttpMessageConvertersConfiguration
Event: 5.082 loading class org/springframework/boot/autoconfigure/http/JsonbHttpMessageConvertersConfiguration done
Event: 5.083 loading class org/springframework/boot/autoconfigure/http/HttpMessageConvertersAutoConfiguration
Event: 5.083 loading class org/springframework/boot/autoconfigure/http/HttpMessageConvertersAutoConfiguration done


Dynamic libraries:
0x00007ff78b220000 - 0x00007ff78b22f000 	C:\Program Files\Java\jdk-11.0.11\bin\java.exe
0x00007ffcb70c0000 - 0x00007ffcb72c9000 	C:\WINDOWS\SYSTEM32\ntdll.dll
0x00007ffcb5be0000 - 0x00007ffcb5c9e000 	C:\WINDOWS\System32\KERNEL32.DLL
0x00007ffcb4590000 - 0x00007ffcb490b000 	C:\WINDOWS\System32\KERNELBASE.dll
0x000000005b710000 - 0x000000005b7a3000 	C:\WINDOWS\System32\SYSFER.DLL
0x00007ffcb4ba0000 - 0x00007ffcb4cb1000 	C:\WINDOWS\System32\ucrtbase.dll
0x00007ffca31f0000 - 0x00007ffca3205000 	C:\Program Files\Java\jdk-11.0.11\bin\VCRUNTIME140.dll
0x00007ffca2fa0000 - 0x00007ffca2fb8000 	C:\Program Files\Java\jdk-11.0.11\bin\jli.dll
0x00007ffcb5dc0000 - 0x00007ffcb5e6e000 	C:\WINDOWS\System32\ADVAPI32.dll
0x00007ffcb5060000 - 0x00007ffcb5103000 	C:\WINDOWS\System32\msvcrt.dll
0x00007ffcb5a60000 - 0x00007ffcb5afe000 	C:\WINDOWS\System32\sechost.dll
0x00007ffcb6e30000 - 0x00007ffcb6f50000 	C:\WINDOWS\System32\RPCRT4.dll
0x00007ffcb6aa0000 - 0x00007ffcb6c4d000 	C:\WINDOWS\System32\USER32.dll
0x00007ffcb4e90000 - 0x00007ffcb4eb6000 	C:\WINDOWS\System32\win32u.dll
0x00007ffcb6010000 - 0x00007ffcb6039000 	C:\WINDOWS\System32\GDI32.dll
0x00007ffcb4910000 - 0x00007ffcb4a28000 	C:\WINDOWS\System32\gdi32full.dll
0x00007ffcb4df0000 - 0x00007ffcb4e8d000 	C:\WINDOWS\System32\msvcp_win.dll
0x00007ffc95aa0000 - 0x00007ffc95d45000 	C:\WINDOWS\WinSxS\amd64_microsoft.windows.common-controls_6595b64144ccf1df_6.0.22000.120_none_9d947278b86cc467\COMCTL32.dll
0x00007ffcac710000 - 0x00007ffcac71a000 	C:\WINDOWS\SYSTEM32\VERSION.dll
0x00007ffcb6a40000 - 0x00007ffcb6a72000 	C:\WINDOWS\System32\IMM32.DLL
0x00007ffc7ba00000 - 0x00007ffc7ba9b000 	C:\Program Files\Java\jdk-11.0.11\bin\msvcp140.dll
0x00007ffc29b90000 - 0x00007ffc2a68e000 	C:\Program Files\Java\jdk-11.0.11\bin\server\jvm.dll
0x00007ffcb6a90000 - 0x00007ffcb6a98000 	C:\WINDOWS\System32\PSAPI.DLL
0x00007ffc8ee30000 - 0x00007ffc8ee39000 	C:\WINDOWS\SYSTEM32\WSOCK32.dll
0x00007ffcb6f50000 - 0x00007ffcb6fbf000 	C:\WINDOWS\System32\WS2_32.dll
0x00007ffcae6d0000 - 0x00007ffcae703000 	C:\WINDOWS\SYSTEM32\WINMM.dll
0x00007ffcb35d0000 - 0x00007ffcb35e8000 	C:\WINDOWS\SYSTEM32\kernel.appcore.dll
0x00007ffcb1210000 - 0x00007ffcb1220000 	C:\Program Files\Java\jdk-11.0.11\bin\verify.dll
0x00007ffcb2100000 - 0x00007ffcb2321000 	C:\WINDOWS\SYSTEM32\DBGHELP.DLL
0x00007ffc9f1d0000 - 0x00007ffc9f201000 	C:\WINDOWS\SYSTEM32\dbgcore.DLL
0x00007ffcb4ec0000 - 0x00007ffcb4f3f000 	C:\WINDOWS\System32\bcryptPrimitives.dll
0x00007ffc94610000 - 0x00007ffc94638000 	C:\Program Files\Java\jdk-11.0.11\bin\java.dll
0x00007ffcaf5c0000 - 0x00007ffcaf5ca000 	C:\Program Files\Java\jdk-11.0.11\bin\jimage.dll
0x00007ffc92100000 - 0x00007ffc9210e000 	C:\Program Files\Java\jdk-11.0.11\bin\instrument.dll
0x00007ffca2f40000 - 0x00007ffca2f56000 	C:\Program Files\Java\jdk-11.0.11\bin\zip.dll
0x00007ffcb61f0000 - 0x00007ffcb69a7000 	C:\WINDOWS\System32\SHELL32.dll
0x00007ffcb2590000 - 0x00007ffcb2df5000 	C:\WINDOWS\SYSTEM32\windows.storage.dll
0x00007ffcb56e0000 - 0x00007ffcb5a58000 	C:\WINDOWS\System32\combase.dll
0x00007ffcb2420000 - 0x00007ffcb2586000 	C:\WINDOWS\SYSTEM32\wintypes.dll
0x00007ffcb5cc0000 - 0x00007ffcb5daa000 	C:\WINDOWS\System32\SHCORE.dll
0x00007ffcb60b0000 - 0x00007ffcb610d000 	C:\WINDOWS\System32\shlwapi.dll
0x00007ffcb44c0000 - 0x00007ffcb44e1000 	C:\WINDOWS\SYSTEM32\profapi.dll
0x00007ffca25c0000 - 0x00007ffca25d9000 	C:\Program Files\Java\jdk-11.0.11\bin\net.dll
0x00007ffcac020000 - 0x00007ffcac134000 	C:\WINDOWS\SYSTEM32\WINHTTP.dll
0x00007ffcb3a70000 - 0x00007ffcb3ad7000 	C:\WINDOWS\system32\mswsock.dll
0x00007ffca2260000 - 0x00007ffca2272000 	C:\Program Files\Java\jdk-11.0.11\bin\nio.dll
0x00007ffc81570000 - 0x00007ffc8158a000 	C:\Program Files\JetBrains\IntelliJ IDEA Community Edition 2022.3.2\bin\breakgen64.dll
0x00007ffcaf510000 - 0x00007ffcaf519000 	C:\Program Files\Java\jdk-11.0.11\bin\management.dll
0x00007ffcaf4d0000 - 0x00007ffcaf4db000 	C:\Program Files\Java\jdk-11.0.11\bin\management_ext.dll
0x00007ffc944e0000 - 0x00007ffc944f7000 	C:\WINDOWS\system32\napinsp.dll
0x00007ffc94460000 - 0x00007ffc9447b000 	C:\WINDOWS\system32\pnrpnsp.dll
0x00007ffcb3120000 - 0x00007ffcb3208000 	C:\WINDOWS\SYSTEM32\DNSAPI.dll
0x00007ffcb30f0000 - 0x00007ffcb311d000 	C:\WINDOWS\SYSTEM32\IPHLPAPI.DLL
0x00007ffcb6a80000 - 0x00007ffcb6a89000 	C:\WINDOWS\System32\NSI.dll
0x00007ffc94300000 - 0x00007ffc94312000 	C:\WINDOWS\System32\winrnr.dll
0x00007ffcaa490000 - 0x00007ffcaa4a5000 	C:\WINDOWS\system32\wshbth.dll
0x00007ffc942e0000 - 0x00007ffc942ff000 	C:\WINDOWS\system32\nlansp_c.dll
0x00007ffca5260000 - 0x00007ffca526a000 	C:\Windows\System32\rasadhlp.dll
0x00007ffca9e70000 - 0x00007ffca9ef1000 	C:\WINDOWS\System32\fwpuclnt.dll

dbghelp: loaded successfully - version: 4.0.5 - missing functions: none
symbol engine: initialized successfully - sym options: 0x614 - pdb path: .;C:\Program Files\Java\jdk-11.0.11\bin;C:\WINDOWS\SYSTEM32;C:\WINDOWS\WinSxS\amd64_microsoft.windows.common-controls_6595b64144ccf1df_6.0.22000.120_none_9d947278b86cc467;C:\Program Files\Java\jdk-11.0.11\bin\server;C:\Program Files\JetBrains\IntelliJ IDEA Community Edition 2022.3.2\bin

VM Arguments:
jvm_args: -javaagent:C:\Program Files\JetBrains\IntelliJ IDEA Community Edition 2022.3.2\lib\idea_rt.jar=51816:C:\Program Files\JetBrains\IntelliJ IDEA Community Edition 2022.3.2\bin -Dfile.encoding=UTF-8 
java_command: com.lcwd.user.service.UserServiceApplication
java_class_path (initial): C:\Users\rithi\IdeaProjects\UserService\target\classes;C:\Users\rithi\.m2\repository\org\springframework\boot\spring-boot-starter-data-jpa\2.7.9\spring-boot-starter-data-jpa-2.7.9.jar;C:\Users\rithi\.m2\repository\org\springframework\boot\spring-boot-starter-aop\2.7.9\spring-boot-starter-aop-2.7.9.jar;C:\Users\rithi\.m2\repository\org\springframework\spring-aop\5.3.25\spring-aop-5.3.25.jar;C:\Users\rithi\.m2\repository\org\aspectj\aspectjweaver\1.9.7\aspectjweaver-1.9.7.jar;C:\Users\rithi\.m2\repository\org\springframework\boot\spring-boot-starter-jdbc\2.7.9\spring-boot-starter-jdbc-2.7.9.jar;C:\Users\rithi\.m2\repository\com\zaxxer\HikariCP\4.0.3\HikariCP-4.0.3.jar;C:\Users\rithi\.m2\repository\org\springframework\spring-jdbc\5.3.25\spring-jdbc-5.3.25.jar;C:\Users\rithi\.m2\repository\jakarta\transaction\jakarta.transaction-api\1.3.3\jakarta.transaction-api-1.3.3.jar;C:\Users\rithi\.m2\repository\jakarta\persistence\jakarta.persistence-api\2.2.3\jakarta.persistence-api-2.2.3.jar;C:\Users\rithi\.m2\repository\org\hibernate\hibernate-core\5.6.15.Final\hibernate-core-5.6.15.Final.jar;C:\Users\rithi\.m2\repository\org\jboss\logging\jboss-logging\3.4.3.Final\jboss-logging-3.4.3.Final.jar;C:\Users\rithi\.m2\repository\net\bytebuddy\byte-buddy\1.12.23\byte-buddy-1.12.23.jar;C:\Users\rithi\.m2\repository\antlr\antlr\2.7.7\antlr-2.7.7.jar;C:\Users\rithi\.m2\repository\org\jboss\jandex\2.4.2.Final\jandex-2.4.2.Final.jar;C:\Users\rithi\.m2\repository\com\fasterxml\classmate\1.5.1\classmate-1.5.1.jar;C:\Users\rithi\.m2\repository\org\hibernate\common\hibernate-commons-annotations\5.1.2.Final\hibernate-commons-annotations-5.1.2.Final.jar;C:\Users\rithi\.m2\repository\org\glassfish\jaxb\jaxb-runtime\2.3.8\jaxb-runtime-2.3.8.jar;C:\Users\rithi\.m2\repository\org\glassfish\jaxb\txw2\2.3.8\txw2-2.3.8.jar;C:\Users\rithi\.m2\repository\com\sun\istack\istack-commons-runtime\3.0.12\istack-commons-runtime-3.0.12.jar;C:\Users\rithi\.m2\repository\com\sun\acti
Launcher Type: SUN_STANDARD

[Global flags]
     intx CICompilerCount                          = 4                                         {product} {ergonomic}
     uint ConcGCThreads                            = 2                                         {product} {ergonomic}
     uint G1ConcRefinementThreads                  = 8                                         {product} {ergonomic}
   size_t G1HeapRegionSize                         = 1048576                                   {product} {ergonomic}
    uintx GCDrainStackTargetSize                   = 64                                        {product} {ergonomic}
   size_t InitialHeapSize                          = 132120576                                 {product} {ergonomic}
   size_t MarkStackSize                            = 4194304                                   {product} {ergonomic}
   size_t MaxHeapSize                              = 2095054848                                {product} {ergonomic}
   size_t MaxNewSize                               = 1256194048                                {product} {ergonomic}
   size_t MinHeapDeltaBytes                        = 1048576                                   {product} {ergonomic}
    uintx NonNMethodCodeHeapSize                   = 5836300                                {pd product} {ergonomic}
    uintx NonProfiledCodeHeapSize                  = 122910970                              {pd product} {ergonomic}
    uintx ProfiledCodeHeapSize                     = 122910970                              {pd product} {ergonomic}
    uintx ReservedCodeCacheSize                    = 251658240                              {pd product} {ergonomic}
     bool SegmentedCodeCache                       = true                                      {product} {ergonomic}
     bool UseCompressedClassPointers               = true                                 {lp64_product} {ergonomic}
     bool UseCompressedOops                        = true                                 {lp64_product} {ergonomic}
     bool UseG1GC                                  = true                                      {product} {ergonomic}
     bool UseLargePagesIndividualAllocation        = false                                  {pd product} {ergonomic}

Logging:
Log output configuration:
 #0: stdout all=warning uptime,level,tags
 #1: stderr all=off uptime,level,tags

Environment Variables:
JAVA_HOME=C:\Program Files\Java\jdk-11.0.11\bin
PATH=C:\Program Files\Common Files\Oracle\Java\javapath;C:\Python39\Scripts\;C:\Python39\;C:\WINDOWS\system32;C:\WINDOWS;C:\WINDOWS\System32\Wbem;C:\WINDOWS\System32\WindowsPowerShell\v1.0\;C:\WINDOWS\System32\OpenSSH\;C:\ProgramData\chocolatey\bin;C:\Program Files\Java\jdk-11.0.11\bin;;C:\Program Files\Docker\Docker\resources\bin;C:\Program Files\nodejs\;C:\Program Files\MySQL\MySQL Shell 8.0\bin\;C:\Users\rithi\AppData\Local\Microsoft\WindowsApps;;C:\Users\rithi\AppData\Local\Programs\Microsoft VS Code\bin;C:\Program Files\JetBrains\IntelliJ IDEA Community Edition 2020.2.3\bin;;C:\Program Files\JetBrains\IntelliJ IDEA 2022.2.2\bin;;C:\Program Files\JetBrains\JetBrains Rider 2022.2.3\bin;;C:\Users\rithi\AppData\Roaming\npm
USERNAME=rithi
OS=Windows_NT
PROCESSOR_IDENTIFIER=Intel64 Family 6 Model 126 Stepping 5, GenuineIntel



---------------  S Y S T E M  ---------------

OS: Windows 10 , 64 bit Build 22000 (10.0.22000.1335)
Hyper-V role detected

CPU:total 8 (initial active 8) (4 cores per cpu, 2 threads per core) family 6 model 126 stepping 5 microcode 0x86, cmov, cx8, fxsr, mmx, sse, sse2, sse3, ssse3, sse4.1, sse4.2, popcnt, avx, avx2, aes, clmul, erms, 3dnowpref, lzcnt, ht, tsc, tscinvbit, bmi1, bmi2, adx, evex, sha, fma

Memory: 4k page, system-wide physical 7987M (224M free)
TotalPageFile size 32563M (AvailPageFile size 2M)
current process WorkingSet (physical memory assigned to process): 174M, peak: 174M
current process commit charge ("private bytes"): 273M, peak: 273M

vm_info: Java HotSpot(TM) 64-Bit Server VM (11.0.11+9-LTS-194) for windows-amd64 JRE (11.0.11+9-LTS-194), built on Mar 18 2021 18:46:53 by "mach5one" with MS VC++ 15.9 (VS2017)

END.
